#
# There is insufficient memory for the Java Runtime Environment to continue.
# Native memory allocation (malloc) failed to allocate 220896 bytes for Chunk::new
# Possible reasons:
#   The system is out of physical RAM or swap space
#   In 32 bit mode, the process size limit was hit
# Possible solutions:
#   Reduce memory load on the system
#   Increase physical memory or swap space
#   Check if swap backing store is full
#   Use 64 bit Java on a 64 bit OS
#   Decrease Java heap size (-Xmx/-Xms)
#   Decrease number of Java threads
#   Decrease Java thread stack sizes (-Xss)
#   Set larger code cache with -XX:ReservedCodeCacheSize=
# This output file may be truncated or incomplete.
#
#  Out of Memory Error (allocation.cpp:390), pid=3492, tid=0x0000000000001ecc
#
# JRE version: Java(TM) SE Runtime Environment (8.0_92-b14) (build 1.8.0_92-b14)
# Java VM: Java HotSpot(TM) 64-Bit Server VM (25.92-b14 mixed mode windows-amd64 compressed oops)
# Failed to write core dump. Minidumps are not enabled by default on client versions of Windows
#

---------------  T H R E A D  ---------------

Current thread (0x0000000055165800):  JavaThread "C2 CompilerThread0" daemon [_thread_in_native, id=7884, stack(0x0000000056ce0000,0x0000000056de0000)]

Stack: [0x0000000056ce0000,0x0000000056de0000]
[error occurred during error reporting (printing stack bounds), id 0xc0000005]

Native frames: (J=compiled Java code, j=interpreted, Vv=VM code, C=native code)


Current CompileTask:
C2:   2228  964       4       com.android.dx.ssa.back.LivenessAnalyzer::handleTailRecursion (94 bytes)


---------------  P R O C E S S  ---------------

Java Threads: ( => current thread )
  0x0000000056603800 JavaThread "pool-2-thread-4" [_thread_blocked, id=7544, stack(0x00000000578a0000,0x00000000579a0000)]
  0x0000000056644800 JavaThread "pool-2-thread-3" [_thread_blocked, id=3592, stack(0x00000000576d0000,0x00000000577d0000)]
  0x00000000565bf000 JavaThread "pool-2-thread-2" [_thread_blocked, id=2308, stack(0x0000000057560000,0x0000000057660000)]
  0x0000000056516800 JavaThread "pool-3-thread-1" [_thread_blocked, id=4284, stack(0x0000000056bc0000,0x0000000056cc0000)]
  0x0000000056515800 JavaThread "pool-2-thread-1" [_thread_blocked, id=3008, stack(0x0000000057450000,0x0000000057550000)]
  0x00000000563cd800 JavaThread "Service Thread" daemon [_thread_blocked, id=7428, stack(0x00000000571c0000,0x00000000572c0000)]
  0x00000000563c7800 JavaThread "C1 CompilerThread2" daemon [_thread_blocked, id=5720, stack(0x0000000057080000,0x0000000057180000)]
  0x00000000563c7000 JavaThread "C2 CompilerThread1" daemon [_thread_blocked, id=7416, stack(0x0000000056f30000,0x0000000057030000)]
=>0x0000000055165800 JavaThread "C2 CompilerThread0" daemon [_thread_in_native, id=7884, stack(0x0000000056ce0000,0x0000000056de0000)]
  0x0000000055164000 JavaThread "Attach Listener" daemon [_thread_blocked, id=7340, stack(0x0000000056a60000,0x0000000056b60000)]
  0x0000000055163000 JavaThread "Signal Dispatcher" daemon [_thread_blocked, id=8072, stack(0x0000000056860000,0x0000000056960000)]
  0x0000000055149800 JavaThread "Finalizer" daemon [_thread_blocked, id=4688, stack(0x0000000056190000,0x0000000056290000)]
  0x0000000055102000 JavaThread "Reference Handler" daemon [_thread_blocked, id=5800, stack(0x0000000055f50000,0x0000000056050000)]
  0x00000000020ce800 JavaThread "main" [_thread_blocked, id=6784, stack(0x00000000024a0000,0x00000000025a0000)]

Other Threads:
  0x00000000550fa800 VMThread [stack: 0x0000000056080000,0x0000000056180000] [id=6812]
  0x00000000563d7800 WatcherThread [stack: 0x0000000057350000,0x0000000057450000] [id=6368]

VM state:at safepoint (normal execution)

VM Mutex/Monitor currently owned by a thread:  ([mutex/lock_event])
[0x00000000020ccab0] Threads_lock - owner thread: 0x00000000550fa800
[0x00000000020ccfb0] Heap_lock - owner thread: 0x00000000565bf000

Heap:
 PSYoungGen      total 38400K, used 33280K [0x00000000eab00000, 0x00000000ed580000, 0x0000000100000000)
  eden space 33280K, 100% used [0x00000000eab00000,0x00000000ecb80000,0x00000000ecb80000)
  from space 5120K, 0% used [0x00000000ed080000,0x00000000ed080000,0x00000000ed580000)
  to   space 5120K, 99% used [0x00000000ecb80000,0x00000000ed076440,0x00000000ed080000)
 ParOldGen       total 87552K, used 8K [0x00000000c0000000, 0x00000000c5580000, 0x00000000eab00000)
  object space 87552K, 0% used [0x00000000c0000000,0x00000000c0002000,0x00000000c5580000)
 Metaspace       used 5925K, capacity 6900K, committed 7040K, reserved 1056768K
  class space    used 600K, capacity 620K, committed 640K, reserved 1048576K

Card table byte_map: [0x0000000011c30000,0x0000000011e40000] byte_map_base: 0x0000000011630000

Marking Bits: (ParMarkBitMap*) 0x00000000709664f0
 Begin Bits: [0x0000000012570000, 0x0000000013570000)
 End Bits:   [0x0000000013570000, 0x0000000014570000)

Polling page: 0x0000000000230000

CodeCache: size=245760Kb used=3745Kb max_used=3758Kb free=242014Kb
 bounds [0x0000000002870000, 0x0000000002c20000, 0x0000000011870000]
 total_blobs=1230 nmethods=960 adapters=182
 compilation: disabled (not enough contiguous free space left)

Compilation events (10 events):
Event: 2.121 Thread 0x00000000563c7800 nmethod 955 0x0000000002c18b90 code [0x0000000002c18ce0, 0x0000000002c18df0]
Event: 2.121 Thread 0x00000000563c7800  927       1       sun.util.calendar.CalendarDate::getYear (5 bytes)
Event: 2.121 Thread 0x00000000563c7800 nmethod 927 0x0000000002c18e50 code [0x0000000002c18fa0, 0x0000000002c190b0]
Event: 2.121 Thread 0x00000000563c7800  928       1       sun.util.calendar.CalendarDate::getZone (5 bytes)
Event: 2.121 Thread 0x00000000563c7800 nmethod 928 0x0000000002c19110 code [0x0000000002c19260, 0x0000000002c19370]
Event: 2.123 Thread 0x00000000563c7000 nmethod 893 0x0000000002c1c7d0 code [0x0000000002c1c960, 0x0000000002c1d118]
Event: 2.123 Thread 0x00000000563c7000  960       4       com.android.dx.ssa.back.LivenessAnalyzer::liveInAtStatement (55 bytes)
Event: 2.130 Thread 0x00000000563c7800  967       3       com.android.dx.ssa.back.IdenticalBlockCombiner::process (323 bytes)
Event: 2.132 Thread 0x00000000563c7000 

Event: 2.133 Thread 0x00000000563c7800 


GC Heap History (0 events):
No events

Deoptimization events (10 events):
Event: 1.508 Thread 0x00000000020ce800 Uncommon trap: reason=class_check action=maybe_recompile pc=0x0000000002b3d340 method=com.android.dx.ssa.NormalSsaInsn.accept(Lcom/android/dx/ssa/SsaInsn$Visitor;)V @ 9
Event: 1.508 Thread 0x00000000020ce800 Uncommon trap: reason=class_check action=maybe_recompile pc=0x0000000002b3d340 method=com.android.dx.ssa.NormalSsaInsn.accept(Lcom/android/dx/ssa/SsaInsn$Visitor;)V @ 9
Event: 1.508 Thread 0x00000000020ce800 Uncommon trap: reason=class_check action=maybe_recompile pc=0x0000000002b3d340 method=com.android.dx.ssa.NormalSsaInsn.accept(Lcom/android/dx/ssa/SsaInsn$Visitor;)V @ 9
Event: 1.508 Thread 0x00000000020ce800 Uncommon trap: reason=class_check action=maybe_recompile pc=0x0000000002b1d820 method=com.android.dx.ssa.NormalSsaInsn.accept(Lcom/android/dx/ssa/SsaInsn$Visitor;)V @ 9
Event: 2.154 Thread 0x0000000056644800 Uncommon trap: reason=bimorphic action=maybe_recompile pc=0x0000000002b2224c method=java.util.HashMap.getNode(ILjava/lang/Object;)Ljava/util/HashMap$Node; @ 126
Event: 2.154 Thread 0x0000000056644800 Uncommon trap: reason=bimorphic action=maybe_recompile pc=0x0000000002b2224c method=java.util.HashMap.getNode(ILjava/lang/Object;)Ljava/util/HashMap$Node; @ 126
Event: 2.158 Thread 0x0000000056644800 Uncommon trap: reason=unstable_if action=reinterpret pc=0x0000000002ad9ca4 method=java.util.BitSet.ensureCapacity(I)V @ 6
Event: 2.164 Thread 0x00000000020ce800 Uncommon trap: reason=bimorphic action=maybe_recompile pc=0x0000000002b2224c method=java.util.HashMap.getNode(ILjava/lang/Object;)Ljava/util/HashMap$Node; @ 126
Event: 2.167 Thread 0x00000000020ce800 Uncommon trap: reason=bimorphic action=maybe_recompile pc=0x0000000002b2224c method=java.util.HashMap.getNode(ILjava/lang/Object;)Ljava/util/HashMap$Node; @ 126
Event: 2.170 Thread 0x00000000020ce800 Uncommon trap: reason=bimorphic action=maybe_recompile pc=0x0000000002a93fc8 method=java.util.HashMap.getNode(ILjava/lang/Object;)Ljava/util/HashMap$Node; @ 126

Internal exceptions (2 events):
Event: 0.143 Thread 0x00000000020ce800 Exception <a 'java/lang/NoSuchMethodError': Method sun.misc.Unsafe.defineClass(Ljava/lang/String;[BII)Ljava/lang/Class; name or signature does not match> (0x00000000eab07cc0) thrown at [D:\re\workspace\8-2-build-windows-amd64-cygwin\jdk8u92\6642\hotspot\srþ‹*!€RÂ?
Event: 0.143 Thread 0x00000000020ce800 Exception <a 'java/lang/NoSuchMethodError': Method sun.misc.Unsafe.prefetchRead(Ljava/lang/Object;J)V name or signature does not match> (0x00000000eab07fa8) thrown at [D:\re\workspace\8-2-build-windows-amd64-cygwin\jdk8u92\6642\hotspot\src\share\vm\prims\j

Events (10 events):
Event: 2.164 Thread 0x00000000020ce800 Uncommon trap: trap_request=0xffffffc6 fr.pc=0x0000000002b2224c
Event: 2.164 Thread 0x00000000020ce800 DEOPT PACKING pc=0x0000000002b2224c sp=0x000000000259e6e0
Event: 2.164 Thread 0x00000000020ce800 DEOPT UNPACKING pc=0x00000000028b582a sp=0x000000000259e618 mode 2
Event: 2.167 Thread 0x00000000020ce800 Uncommon trap: trap_request=0xffffffc6 fr.pc=0x0000000002b2224c
Event: 2.167 Thread 0x00000000020ce800 DEOPT PACKING pc=0x0000000002b2224c sp=0x000000000259e6e0
Event: 2.167 Thread 0x00000000020ce800 DEOPT UNPACKING pc=0x00000000028b582a sp=0x000000000259e618 mode 2
Event: 2.170 Thread 0x00000000020ce800 Uncommon trap: trap_request=0xffffffc6 fr.pc=0x0000000002a93fc8
Event: 2.170 Thread 0x00000000020ce800 DEOPT PACKING pc=0x0000000002a93fc8 sp=0x000000000259e690
Event: 2.170 Thread 0x00000000020ce800 DEOPT UNPACKING pc=0x00000000028b582a sp=0x000000000259e618 mode 2
Event: 2.188 Executing VM operation: ParallelGCFailedAllocation


Dynamic libraries:
0x000000013f180000 - 0x000000013f1b7000 	C:\Program Files\Java\jdk1.8.0_92\bin\java.exe
0x0000000077a40000 - 0x0000000077bea000 	C:\WINDOWS\SYSTEM32\ntdll.dll
0x0000000077920000 - 0x0000000077a3f000 	C:\WINDOWS\system32\kernel32.dll
0x000007fefdad0000 - 0x000007fefdb3a000 	C:\WINDOWS\system32\KERNELBASE.dll
0x000007fefed30000 - 0x000007fefee0b000 	C:\WINDOWS\system32\ADVAPI32.dll
0x000007feff900000 - 0x000007feff99f000 	C:\WINDOWS\system32\msvcrt.dll
0x000007fefdc30000 - 0x000007fefdc4f000 	C:\WINDOWS\SYSTEM32\sechost.dll
0x000007feffa70000 - 0x000007feffb9d000 	C:\WINDOWS\system32\RPCRT4.dll
0x0000000077820000 - 0x000000007791a000 	C:\WINDOWS\system32\USER32.dll
0x000007fefee90000 - 0x000007fefeef7000 	C:\WINDOWS\system32\GDI32.dll
0x000007feff760000 - 0x000007feff76e000 	C:\WINDOWS\system32\LPK.dll
0x000007feff9a0000 - 0x000007feffa6a000 	C:\WINDOWS\system32\USP10.dll
0x000007fefc070000 - 0x000007fefc264000 	C:\WINDOWS\WinSxS\amd64_microsoft.windows.common-controls_6595b64144ccf1df_6.0.7601.18837_none_fa3b1e3d17594757\COMCTL32.dll
0x000007fefdc50000 - 0x000007fefdcc1000 	C:\WINDOWS\system32\SHLWAPI.dll
0x000007fefef00000 - 0x000007fefef2e000 	C:\WINDOWS\system32\IMM32.DLL
0x000007feffc40000 - 0x000007feffd49000 	C:\WINDOWS\system32\MSCTF.dll
0x000000005a140000 - 0x000000005a212000 	C:\Program Files\Java\jdk1.8.0_92\jre\bin\msvcr100.dll
0x0000000070150000 - 0x00000000709e6000 	C:\Program Files\Java\jdk1.8.0_92\jre\bin\server\jvm.dll
0x000007fef0830000 - 0x000007fef0839000 	C:\WINDOWS\system32\WSOCK32.dll
0x000007feff1e0000 - 0x000007feff22d000 	C:\WINDOWS\system32\WS2_32.dll
0x000007fefdc20000 - 0x000007fefdc28000 	C:\WINDOWS\system32\NSI.dll
0x000007fef9eb0000 - 0x000007fef9eeb000 	C:\WINDOWS\system32\WINMM.dll
0x000007fefc7e0000 - 0x000007fefc7ec000 	C:\WINDOWS\system32\VERSION.dll
0x0000000077c00000 - 0x0000000077c07000 	C:\WINDOWS\system32\PSAPI.DLL
0x0000000070be0000 - 0x0000000070bef000 	C:\Program Files\Java\jdk1.8.0_92\jre\bin\verify.dll
0x000000006c970000 - 0x000000006c999000 	C:\Program Files\Java\jdk1.8.0_92\jre\bin\java.dll
0x0000000000260000 - 0x0000000000276000 	C:\Program Files\Java\jdk1.8.0_92\jre\bin\zip.dll
0x000007fefdcd0000 - 0x000007fefea5c000 	C:\WINDOWS\system32\SHELL32.dll
0x000007feff230000 - 0x000007feff433000 	C:\WINDOWS\system32\ole32.dll
0x000007fefd7d0000 - 0x000007fefd7df000 	C:\WINDOWS\system32\profapi.dll

VM Arguments:
jvm_args: -Djava.awt.headless=true -Xmx1024M -Dfile.encoding=windows-1252 -Duser.country=CA -Duser.language=fr -Duser.variant 
java_command: com.android.dx.command.Main --dex --force-jumbo --num-threads=4 --multi-dex --output C:\Users\1354177\Desktop\projetpetshop\projetpetshop\app\build\intermediates\transforms\dex\debug\folders\1000\10\okio-1.8.0_1d341f9d0c6bdfe943f77f9526d559ae41524edd C:\Users\1354177\.gradle\caches\modules-2\files-2.1\com.squareup.okio\okio\1.8.0\5ea7af56cc7c567ed9856d99efb30740e9b17ff\okio-1.8.0.jar
java_class_path (initial): C:\Android\sdk\build-tools\23.0.3\lib\dx.jar
Launcher Type: SUN_STANDARD

Environment Variables:
PATH=C:\ProgramData\Oracle\Java\javapath;C:\Program Files\Common Files\Microsoft Shared\Windows Live;C:\Program Files (x86)\Common Files\Microsoft Shared\Windows Live;C:\WINDOWS\system32;C:\WINDOWS;C:\WINDOWS\System32\Wbem;C:\WINDOWS\System32\WindowsPowerShell\v1.0\;C:\Program Files (x86)\Windows Live\Shared;C:\Program Files (x86)\Brackets\command;C:\Program Files\nodejs\;C:\Program Files\TortoiseGit\bin;C:\Program Files\Git\cmd;C:\Program Files\TortoiseSVN\bin;C:\Program Files\Microsoft SQL Server\120\Tools\Binn\;C:\Program Files\Microsoft SQL Server\Client SDK\ODBC\110\Tools\Binn\;C:\Program Files (x86)\Microsoft SQL Server\120\Tools\Binn\;C:\Program Files\Microsoft SQL Server\120\DTS\Binn\;C:\Program Files (x86)\Microsoft SQL Server\120\Tools\Binn\ManagementStudio\;C:\Program Files (x86)\Microsoft SQL Server\120\DTS\Binn\;C:\Users\1354177\.dnx\bin;C:\Program Files\Microsoft DNX\Dnvm\;C:\Program Files\Microsoft SQL Server\130\Tools\Binn\;C:\Users\Administrateur\AppData\Roaming\npm
USERNAME=1354177
OS=Windows_NT
PROCESSOR_IDENTIFIER=Intel64 Family 6 Model 45 Stepping 7, GenuineIntel



---------------  S Y S T E M  ---------------

OS: Windows 7 , 64 bit Build 7601 (6.1.7601.23418)

CPU:total 4 (4 cores per cpu, 1 threads per core) family 6 model 45 stepping 7, cmov, cx8, fxsr, mmx, sse, sse2, sse3, ssse3, sse4.1, sse4.2, popcnt, avx, aes, clmul, tsc, tscinvbit, tscinv

Memory: 4k page, physical 8338636k(101060k free), swap 10433928k(208852k free)

vm_info: Java HotSpot(TM) 64-Bit Server VM (25.92-b14) for windows-amd64 JRE (1.8.0_92-b14), built on Mar 31 2016 21:03:04 by "java_re" with MS VC++ 10.0 (VS2010)

time: Thu Nov 17 13:19:50 2016
elapsed time: 2 seconds (0d 0h 0m 2s)

