#
# There is insufficient memory for the Java Runtime Environment to continue.
# Native memory allocation (malloc) failed to allocate 32744 bytes for ChunkPool::allocate
# Possible reasons:
#   The system is out of physical RAM or swap space
#   In 32 bit mode, the process size limit was hit
# Possible solutions:
#   Reduce memory load on the system
#   Increase physical memory or swap space
#   Check if swap backing store is full
#   Use 64 bit Java on a 64 bit OS
#   Decrease Java heap size (-Xmx/-Xms)
#   Decrease number of Java threads
#   Decrease Java thread stack sizes (-Xss)
#   Set larger code cache with -XX:ReservedCodeCacheSize=
# This output file may be truncated or incomplete.
#
#  Out of Memory Error (allocation.cpp:273), pid=4592, tid=0x0000000000001fcc
#
# JRE version: Java(TM) SE Runtime Environment (8.0_92-b14) (build 1.8.0_92-b14)
# Java VM: Java HotSpot(TM) 64-Bit Server VM (25.92-b14 mixed mode windows-amd64 compressed oops)
# Failed to write core dump. Minidumps are not enabled by default on client versions of Windows
#

---------------  T H R E A D  ---------------

Current thread (0x00000000550d5000):  JavaThread "C1 CompilerThread2" daemon [_thread_in_native, id=8140, stack(0x0000000056b00000,0x0000000056c00000)]

Stack: [0x0000000056b00000,0x0000000056c00000]
[error occurred during error reporting (printing stack bounds), id 0xc0000005]

Native frames: (J=compiled Java code, j=interpreted, Vv=VM code, C=native code)


Current CompileTask:
C1:   2062  562       3       com.android.dx.ssa.RegisterMapper::map (63 bytes)


---------------  P R O C E S S  ---------------

Java Threads: ( => current thread )
  0x0000000056ea0000 JavaThread "pool-2-thread-4" [_thread_blocked, id=2328, stack(0x00000000578e0000,0x00000000579e0000)]
  0x0000000056e9f800 JavaThread "pool-2-thread-3" [_thread_in_vm, id=6660, stack(0x0000000057720000,0x0000000057820000)]
  0x0000000056e9c800 JavaThread "pool-2-thread-2" [_thread_in_Java, id=7192, stack(0x00000000575d0000,0x00000000576d0000)]
  0x0000000056e63800 JavaThread "pool-3-thread-1" [_thread_blocked, id=7512, stack(0x0000000057290000,0x0000000057390000)]
  0x0000000056e62800 JavaThread "pool-2-thread-1" [_thread_in_Java, id=2144, stack(0x0000000057400000,0x0000000057500000)]
  0x0000000056c6c000 JavaThread "Service Thread" daemon [_thread_blocked, id=7092, stack(0x0000000057060000,0x0000000057160000)]
=>0x00000000550d5000 JavaThread "C1 CompilerThread2" daemon [_thread_in_native, id=8140, stack(0x0000000056b00000,0x0000000056c00000)]
  0x00000000550d4000 JavaThread "C2 CompilerThread1" daemon [_thread_in_native, id=6520, stack(0x0000000056970000,0x0000000056a70000)]
  0x00000000550d2000 JavaThread "C2 CompilerThread0" daemon [_thread_in_native, id=4908, stack(0x0000000056280000,0x0000000056380000)]
  0x00000000550cf000 JavaThread "Attach Listener" daemon [_thread_blocked, id=7240, stack(0x00000000567e0000,0x00000000568e0000)]
  0x00000000550de000 JavaThread "Signal Dispatcher" daemon [_thread_blocked, id=7548, stack(0x00000000565f0000,0x00000000566f0000)]
  0x00000000550ba000 JavaThread "Finalizer" daemon [_thread_blocked, id=4616, stack(0x00000000563e0000,0x00000000564e0000)]
  0x0000000055072800 JavaThread "Reference Handler" daemon [_thread_blocked, id=8056, stack(0x0000000056000000,0x0000000056100000)]
  0x0000000001d0e800 JavaThread "main" [_thread_in_native, id=1532, stack(0x0000000002380000,0x0000000002480000)]

Other Threads:
  0x000000005506a800 VMThread [stack: 0x0000000056140000,0x0000000056240000] [id=7824]
  0x0000000056c78000 WatcherThread [stack: 0x0000000057180000,0x0000000057280000] [id=5828]

VM state:not at safepoint (normal execution)

VM Mutex/Monitor currently owned by a thread:  ([mutex/lock_event])
[0x0000000001d0d510] MethodData_lock - owner thread: 0x0000000056e9f800

Heap:
 PSYoungGen      total 38400K, used 16009K [0x00000000eab00000, 0x00000000ed580000, 0x0000000100000000)
  eden space 33280K, 48% used [0x00000000eab00000,0x00000000ebaa2640,0x00000000ecb80000)
  from space 5120K, 0% used [0x00000000ed080000,0x00000000ed080000,0x00000000ed580000)
  to   space 5120K, 0% used [0x00000000ecb80000,0x00000000ecb80000,0x00000000ed080000)
 ParOldGen       total 87552K, used 0K [0x00000000c0000000, 0x00000000c5580000, 0x00000000eab00000)
  object space 87552K, 0% used [0x00000000c0000000,0x00000000c0000000,0x00000000c5580000)
 Metaspace       used 5567K, capacity 6512K, committed 6784K, reserved 1056768K
  class space    used 595K, capacity 616K, committed 640K, reserved 1048576K

Card table byte_map: [0x0000000011b10000,0x0000000011d20000] byte_map_base: 0x0000000011510000

Marking Bits: (ParMarkBitMap*) 0x00000000709664f0
 Begin Bits: [0x00000000124e0000, 0x00000000134e0000)
 End Bits:   [0x00000000134e0000, 0x00000000144e0000)

Polling page: 0x0000000001c60000

CodeCache: size=245760Kb used=2159Kb max_used=2168Kb free=243600Kb
 bounds [0x0000000002750000, 0x00000000029c0000, 0x0000000011750000]
 total_blobs=792 nmethods=523 adapters=182
 compilation: enabled

Compilation events (10 events):
Event: 2.056 Thread 0x00000000550d2000 nmethod 568 0x000000000295e610 code [0x000000000295e740, 0x000000000295e798]
Event: 2.056 Thread 0x00000000550d2000  569       4       com.android.dx.rop.code.RegisterSpec::getCategory (13 bytes)
Event: 2.056 Thread 0x00000000550d2000 nmethod 569 0x0000000002966e90 code [0x0000000002966fe0, 0x0000000002967098]
Event: 2.056 Thread 0x00000000550d2000  571       4       com.android.dx.rop.type.Type::hashCode (8 bytes)
Event: 2.058 Thread 0x00000000550d2000 nmethod 571 0x000000000296e890 code [0x000000000296e9c0, 0x000000000296eb18]
Event: 2.058 Thread 0x00000000550d2000  573       4       java.util.HashMap::get (23 bytes)
Event: 2.059 Thread 0x00000000550d2000 nmethod 573 0x000000000296e510 code [0x000000000296e660, 0x000000000296e768]
Event: 2.060 Thread 0x00000000550d2000  575       4       com.android.dx.rop.code.InsnList::get (9 bytes)
Event: 2.060 Thread 0x00000000550d5000 nmethod 491 0x000000000296dc90 code [0x000000000296de20, 0x000000000296e2f8]
Event: 2.060 Thread 0x00000000550d5000  562       3       com.android.dx.ssa.RegisterMapper::map (63 bytes)

GC Heap History (0 events):
No events

Deoptimization events (1 events):
Event: 0.611 Thread 0x0000000001d0e800 Uncommon trap: reason=unstable_if action=reinterpret pc=0x00000000028a2104 method=java.lang.String.compareTo(Ljava/lang/String;)I @ 38

Internal exceptions (2 events):
Event: 0.162 Thread 0x0000000001d0e800 Exception <a 'java/lang/NoSuchMethodError': Method sun.misc.Unsafe.defineClass(Ljava/lang/String;[BII)Ljava/lang/Class; name or signature does not match> (0x00000000eab07cc0) thrown at [D:\re\workspace\8-2-build-windows-amd64-cygwin\jdk8u92\6642\hotspot\sr}nmȀ?
Event: 0.162 Thread 0x0000000001d0e800 Exception <a 'java/lang/NoSuchMethodError': Method sun.misc.Unsafe.prefetchRead(Ljava/lang/Object;J)V name or signature does not match> (0x00000000eab07fa8) thrown at [D:\re\workspace\8-2-build-windows-amd64-cygwin\jdk8u92\6642\hotspot\src\share\vm\prims\j

Events (10 events):
Event: 1.929 loading class sun/nio/ch/Interruptible
Event: 1.929 loading class sun/nio/ch/Interruptible done
Event: 1.959 loading class com/android/dx/dex/file/FieldAnnotationStruct
Event: 1.959 loading class com/android/dx/dex/file/FieldAnnotationStruct done
Event: 1.960 loading class com/android/dx/cf/code/BytecodeArray$ConstantParserVisitor
Event: 1.960 loading class com/android/dx/cf/code/BytecodeArray$ConstantParserVisitor done
Event: 1.964 loading class com/android/dx/ssa/back/FirstFitLocalCombiningAllocator$Multiset
Event: 1.964 loading class com/android/dx/ssa/back/FirstFitLocalCombiningAllocator$Multiset done
Event: 2.036 loading class com/android/dx/rop/code/RegOps
Event: 2.036 loading class com/android/dx/rop/code/RegOps done


Dynamic libraries:
0x000000013f180000 - 0x000000013f1b7000 	C:\Program Files\Java\jdk1.8.0_92\bin\java.exe
0x0000000077a40000 - 0x0000000077bea000 	C:\WINDOWS\SYSTEM32\ntdll.dll
0x0000000077920000 - 0x0000000077a3f000 	C:\WINDOWS\system32\kernel32.dll
0x000007fefdad0000 - 0x000007fefdb3a000 	C:\WINDOWS\system32\KERNELBASE.dll
0x000007fefed30000 - 0x000007fefee0b000 	C:\WINDOWS\system32\ADVAPI32.dll
0x000007feff900000 - 0x000007feff99f000 	C:\WINDOWS\system32\msvcrt.dll
0x000007fefdc30000 - 0x000007fefdc4f000 	C:\WINDOWS\SYSTEM32\sechost.dll
0x000007feffa70000 - 0x000007feffb9d000 	C:\WINDOWS\system32\RPCRT4.dll
0x0000000077820000 - 0x000000007791a000 	C:\WINDOWS\system32\USER32.dll
0x000007fefee90000 - 0x000007fefeef7000 	C:\WINDOWS\system32\GDI32.dll
0x000007feff760000 - 0x000007feff76e000 	C:\WINDOWS\system32\LPK.dll
0x000007feff9a0000 - 0x000007feffa6a000 	C:\WINDOWS\system32\USP10.dll
0x000007fefc070000 - 0x000007fefc264000 	C:\WINDOWS\WinSxS\amd64_microsoft.windows.common-controls_6595b64144ccf1df_6.0.7601.18837_none_fa3b1e3d17594757\COMCTL32.dll
0x000007fefdc50000 - 0x000007fefdcc1000 	C:\WINDOWS\system32\SHLWAPI.dll
0x000007fefef00000 - 0x000007fefef2e000 	C:\WINDOWS\system32\IMM32.DLL
0x000007feffc40000 - 0x000007feffd49000 	C:\WINDOWS\system32\MSCTF.dll
0x000000005a140000 - 0x000000005a212000 	C:\Program Files\Java\jdk1.8.0_92\jre\bin\msvcr100.dll
0x0000000070150000 - 0x00000000709e6000 	C:\Program Files\Java\jdk1.8.0_92\jre\bin\server\jvm.dll
0x000007fef0830000 - 0x000007fef0839000 	C:\WINDOWS\system32\WSOCK32.dll
0x000007feff1e0000 - 0x000007feff22d000 	C:\WINDOWS\system32\WS2_32.dll
0x000007fefdc20000 - 0x000007fefdc28000 	C:\WINDOWS\system32\NSI.dll
0x000007fef9eb0000 - 0x000007fef9eeb000 	C:\WINDOWS\system32\WINMM.dll
0x000007fefc7e0000 - 0x000007fefc7ec000 	C:\WINDOWS\system32\VERSION.dll
0x0000000077c00000 - 0x0000000077c07000 	C:\WINDOWS\system32\PSAPI.DLL
0x0000000070be0000 - 0x0000000070bef000 	C:\Program Files\Java\jdk1.8.0_92\jre\bin\verify.dll
0x000000006c970000 - 0x000000006c999000 	C:\Program Files\Java\jdk1.8.0_92\jre\bin\java.dll
0x0000000001c90000 - 0x0000000001ca6000 	C:\Program Files\Java\jdk1.8.0_92\jre\bin\zip.dll
0x000007fefdcd0000 - 0x000007fefea5c000 	C:\WINDOWS\system32\SHELL32.dll
0x000007feff230000 - 0x000007feff433000 	C:\WINDOWS\system32\ole32.dll
0x000007fefd7d0000 - 0x000007fefd7df000 	C:\WINDOWS\system32\profapi.dll

VM Arguments:
jvm_args: -Djava.awt.headless=true -Xmx1024M -Dfile.encoding=windows-1252 -Duser.country=CA -Duser.language=fr -Duser.variant 
java_command: com.android.dx.command.Main --dex --force-jumbo --num-threads=4 --multi-dex --output C:\Users\1354177\Desktop\projetpetshop\projetpetshop\app\build\intermediates\transforms\dex\debug\folders\1000\10\com.android.support-design-23.4.0_cb174020887cad3f8ec320ac4d9faa8f499f5886 C:\Users\1354177\Desktop\projetpetshop\projetpetshop\app\build\intermediates\exploded-aar\com.android.support\design\23.4.0\jars\classes.jar
java_class_path (initial): C:\Android\sdk\build-tools\23.0.3\lib\dx.jar
Launcher Type: SUN_STANDARD

Environment Variables:
PATH=C:\ProgramData\Oracle\Java\javapath;C:\Program Files\Common Files\Microsoft Shared\Windows Live;C:\Program Files (x86)\Common Files\Microsoft Shared\Windows Live;C:\WINDOWS\system32;C:\WINDOWS;C:\WINDOWS\System32\Wbem;C:\WINDOWS\System32\WindowsPowerShell\v1.0\;C:\Program Files (x86)\Windows Live\Shared;C:\Program Files (x86)\Brackets\command;C:\Program Files\nodejs\;C:\Program Files\TortoiseGit\bin;C:\Program Files\Git\cmd;C:\Program Files\TortoiseSVN\bin;C:\Program Files\Microsoft SQL Server\120\Tools\Binn\;C:\Program Files\Microsoft SQL Server\Client SDK\ODBC\110\Tools\Binn\;C:\Program Files (x86)\Microsoft SQL Server\120\Tools\Binn\;C:\Program Files\Microsoft SQL Server\120\DTS\Binn\;C:\Program Files (x86)\Microsoft SQL Server\120\Tools\Binn\ManagementStudio\;C:\Program Files (x86)\Microsoft SQL Server\120\DTS\Binn\;C:\Users\1354177\.dnx\bin;C:\Program Files\Microsoft DNX\Dnvm\;C:\Program Files\Microsoft SQL Server\130\Tools\Binn\;C:\Users\Administrateur\AppData\Roaming\npm
USERNAME=1354177
OS=Windows_NT
PROCESSOR_IDENTIFIER=Intel64 Family 6 Model 45 Stepping 7, GenuineIntel



---------------  S Y S T E M  ---------------

OS: Windows 7 , 64 bit Build 7601 (6.1.7601.23418)

CPU:total 4 (4 cores per cpu, 1 threads per core) family 6 model 45 stepping 7, cmov, cx8, fxsr, mmx, sse, sse2, sse3, ssse3, sse4.1, sse4.2, popcnt, avx, aes, clmul, tsc, tscinvbit, tscinv

Memory: 4k page, physical 8338636k(154752k free), swap 10433928k(5072k free)

vm_info: Java HotSpot(TM) 64-Bit Server VM (25.92-b14) for windows-amd64 JRE (1.8.0_92-b14), built on Mar 31 2016 21:03:04 by "java_re" with MS VC++ 10.0 (VS2010)

time: Thu Nov 17 13:19:59 2016
elapsed time: 2 seconds (0d 0h 0m 2s)

