#
# There is insufficient memory for the Java Runtime Environment to continue.
# Native memory allocation (malloc) failed to allocate 655104 bytes for Chunk::new
# Possible reasons:
#   The system is out of physical RAM or swap space
#   In 32 bit mode, the process size limit was hit
# Possible solutions:
#   Reduce memory load on the system
#   Increase physical memory or swap space
#   Check if swap backing store is full
#   Use 64 bit Java on a 64 bit OS
#   Decrease Java heap size (-Xmx/-Xms)
#   Decrease number of Java threads
#   Decrease Java thread stack sizes (-Xss)
#   Set larger code cache with -XX:ReservedCodeCacheSize=
# This output file may be truncated or incomplete.
#
#  Out of Memory Error (allocation.cpp:390), pid=3008, tid=0x00000000000011c8
#
# JRE version: Java(TM) SE Runtime Environment (8.0_92-b14) (build 1.8.0_92-b14)
# Java VM: Java HotSpot(TM) 64-Bit Server VM (25.92-b14 mixed mode windows-amd64 compressed oops)
# Failed to write core dump. Minidumps are not enabled by default on client versions of Windows
#

---------------  T H R E A D  ---------------

Current thread (0x0000000054f02000):  JavaThread "C2 CompilerThread0" daemon [_thread_in_native, id=4552, stack(0x0000000056680000,0x0000000056780000)]

Stack: [0x0000000056680000,0x0000000056780000]
[error occurred during error reporting (printing stack bounds), id 0xc0000005]

Native frames: (J=compiled Java code, j=interpreted, Vv=VM code, C=native code)


Current CompileTask:
C2:   2685 1740   !   4       com.android.dx.cf.code.BytecodeArray::parseInstruction (2764 bytes)


---------------  P R O C E S S  ---------------

Java Threads: ( => current thread )
  0x00000000571e0800 JavaThread "pool-2-thread-4" [_thread_in_Java, id=3592, stack(0x0000000058250000,0x0000000058350000)]
  0x0000000056c7c000 JavaThread "pool-2-thread-3" [_thread_in_Java, id=7676, stack(0x0000000058020000,0x0000000058120000)]
  0x0000000056c78800 JavaThread "pool-2-thread-2" [_thread_in_Java, id=7228, stack(0x0000000057e20000,0x0000000057f20000)]
  0x0000000056c77000 JavaThread "pool-3-thread-1" [_thread_blocked, id=5080, stack(0x0000000057be0000,0x0000000057ce0000)]
  0x0000000056cd9000 JavaThread "pool-2-thread-1" [_thread_blocked, id=6168, stack(0x0000000057a00000,0x0000000057b00000)]
  0x0000000054f08000 JavaThread "Service Thread" daemon [_thread_blocked, id=4668, stack(0x0000000056eb0000,0x0000000056fb0000)]
  0x0000000054f05800 JavaThread "C1 CompilerThread2" daemon [_thread_blocked, id=2980, stack(0x00000000568b0000,0x00000000569b0000)]
  0x0000000054f04000 JavaThread "C2 CompilerThread1" daemon [_thread_in_native, id=7612, stack(0x0000000056790000,0x0000000056890000)]
=>0x0000000054f02000 JavaThread "C2 CompilerThread0" daemon [_thread_in_native, id=4552, stack(0x0000000056680000,0x0000000056780000)]
  0x0000000054f0f800 JavaThread "Attach Listener" daemon [_thread_blocked, id=2044, stack(0x0000000056370000,0x0000000056470000)]
  0x0000000054f0e000 JavaThread "Signal Dispatcher" daemon [_thread_blocked, id=5600, stack(0x00000000564b0000,0x00000000565b0000)]
  0x0000000054eea000 JavaThread "Finalizer" daemon [_thread_blocked, id=8020, stack(0x00000000561e0000,0x00000000562e0000)]
  0x0000000054ea2800 JavaThread "Reference Handler" daemon [_thread_blocked, id=5916, stack(0x0000000055fb0000,0x00000000560b0000)]
  0x000000000205e800 JavaThread "main" [_thread_in_Java, id=7520, stack(0x0000000002380000,0x0000000002480000)]

Other Threads:
  0x0000000054e9a800 VMThread [stack: 0x0000000055e20000,0x0000000055f20000] [id=5040]
  0x0000000056a2f800 WatcherThread [stack: 0x00000000570b0000,0x00000000571b0000] [id=3252]

VM state:not at safepoint (normal execution)

VM Mutex/Monitor currently owned by a thread: None

Heap:
 PSYoungGen      total 71680K, used 32302K [0x00000000eab00000, 0x00000000ef600000, 0x0000000100000000)
  eden space 66560K, 40% used [0x00000000eab00000,0x00000000ec58fa88,0x00000000eec00000)
  from space 5120K, 99% used [0x00000000eec00000,0x00000000ef0fbe00,0x00000000ef100000)
  to   space 5120K, 0% used [0x00000000ef100000,0x00000000ef100000,0x00000000ef600000)
 ParOldGen       total 87552K, used 13465K [0x00000000c0000000, 0x00000000c5580000, 0x00000000eab00000)
  object space 87552K, 15% used [0x00000000c0000000,0x00000000c0d26738,0x00000000c5580000)
 Metaspace       used 6299K, capacity 7090K, committed 7296K, reserved 1056768K
  class space    used 604K, capacity 618K, committed 640K, reserved 1048576K

Card table byte_map: [0x0000000011b10000,0x0000000011d20000] byte_map_base: 0x0000000011510000

Marking Bits: (ParMarkBitMap*) 0x00000000709664f0
 Begin Bits: [0x0000000012310000, 0x0000000013310000)
 End Bits:   [0x0000000013310000, 0x0000000014310000)

Polling page: 0x0000000001c60000

CodeCache: size=245760Kb used=7382Kb max_used=7382Kb free=238377Kb
 bounds [0x0000000002750000, 0x0000000002e90000, 0x0000000011750000]
 total_blobs=2104 nmethods=1834 adapters=182
 compilation: enabled

Compilation events (10 events):
Event: 2.648 Thread 0x0000000054f05800 1845       2       java.util.concurrent.ThreadPoolExecutor::runStateAtLeast (11 bytes)
Event: 2.648 Thread 0x0000000054f05800 nmethod 1845 0x0000000002e71190 code [0x0000000002e712e0, 0x0000000002e71430]
Event: 2.648 Thread 0x0000000054f05800 1846       2       java.util.concurrent.ThreadPoolExecutor::beforeExecute (1 bytes)
Event: 2.648 Thread 0x0000000054f05800 nmethod 1846 0x0000000002e70e90 code [0x0000000002e70fe0, 0x0000000002e71130]
Event: 2.648 Thread 0x0000000054f05800 1847       2       java.util.concurrent.ThreadPoolExecutor::afterExecute (1 bytes)
Event: 2.648 Thread 0x0000000054f05800 nmethod 1847 0x0000000002e70b90 code [0x0000000002e70ce0, 0x0000000002e70e30]
Event: 2.648 Thread 0x0000000054f05800 1848   !   2       java.util.concurrent.ThreadPoolExecutor::getTask (179 bytes)
Event: 2.648 Thread 0x0000000054f05800 nmethod 1848 0x0000000002e70010 code [0x0000000002e701e0, 0x0000000002e70798]
Event: 2.648 Thread 0x0000000054f05800 1849       2       java.util.concurrent.locks.ReentrantLock::lockInterruptibly (9 bytes)
Event: 2.649 Thread 0x0000000054f05800 nmethod 1849 0x0000000002e6fa10 code [0x0000000002e6fba0, 0x0000000002e6fe38]

GC Heap History (6 events):
Event: 0.570 GC heap before
{Heap before GC invocations=1 (full 0):
 PSYoungGen      total 38400K, used 33280K [0x00000000eab00000, 0x00000000ed580000, 0x0000000100000000)
  eden space 33280K, 100% used [0x00000000eab00000,0x00000000ecb80000,0x00000000ecb80000)
  from space 5120K, 0% used [0x00000000ed080000,0x00000000ed080000,0x00000000ed580000)
  to   space 5120K, 0% used [0x00000000ecb80000,0x00000000ecb80000,0x00000000ed080000)
 ParOldGen       total 87552K, used 0K [0x00000000c0000000, 0x00000000c5580000, 0x00000000eab00000)
  object space 87552K, 0% used [0x00000000c0000000,0x00000000c0000000,0x00000000c5580000)
 Metaspace       used 5772K, capacity 6704K, committed 6784K, reserved 1056768K
  class space    used 601K, capacity 616K, committed 640K, reserved 1048576K
Event: 0.579 GC heap after
Heap after GC invocations=1 (full 0):
 PSYoungGen      total 38400K, used 5111K [0x00000000eab00000, 0x00000000ef600000, 0x0000000100000000)
  eden space 33280K, 0% used [0x00000000eab00000,0x00000000eab00000,0x00000000ecb80000)
  from space 5120K, 99% used [0x00000000ecb80000,0x00000000ed07de10,0x00000000ed080000)
  to   space 5120K, 0% used [0x00000000ef100000,0x00000000ef100000,0x00000000ef600000)
 ParOldGen       total 87552K, used 133K [0x00000000c0000000, 0x00000000c5580000, 0x00000000eab00000)
  object space 87552K, 0% used [0x00000000c0000000,0x00000000c00216e0,0x00000000c5580000)
 Metaspace       used 5772K, capacity 6704K, committed 6784K, reserved 1056768K
  class space    used 601K, capacity 616K, committed 640K, reserved 1048576K
}
Event: 2.087 GC heap before
{Heap before GC invocations=2 (full 0):
 PSYoungGen      total 38400K, used 38391K [0x00000000eab00000, 0x00000000ef600000, 0x0000000100000000)
  eden space 33280K, 100% used [0x00000000eab00000,0x00000000ecb80000,0x00000000ecb80000)
  from space 5120K, 99% used [0x00000000ecb80000,0x00000000ed07de10,0x00000000ed080000)
  to   space 5120K, 0% used [0x00000000ef100000,0x00000000ef100000,0x00000000ef600000)
 ParOldGen       total 87552K, used 133K [0x00000000c0000000, 0x00000000c5580000, 0x00000000eab00000)
  object space 87552K, 0% used [0x00000000c0000000,0x00000000c00216e0,0x00000000c5580000)
 Metaspace       used 6117K, capacity 7026K, committed 7296K, reserved 1056768K
  class space    used 603K, capacity 618K, committed 640K, reserved 1048576K
Event: 2.235 GC heap after
Heap after GC invocations=2 (full 0):
 PSYoungGen      total 71680K, used 5108K [0x00000000eab00000, 0x00000000ef600000, 0x0000000100000000)
  eden space 66560K, 0% used [0x00000000eab00000,0x00000000eab00000,0x00000000eec00000)
  from space 5120K, 99% used [0x00000000ef100000,0x00000000ef5fd318,0x00000000ef600000)
  to   space 5120K, 0% used [0x00000000eec00000,0x00000000eec00000,0x00000000ef100000)
 ParOldGen       total 87552K, used 2895K [0x00000000c0000000, 0x00000000c5580000, 0x00000000eab00000)
  object space 87552K, 3% used [0x00000000c0000000,0x00000000c02d3e48,0x00000000c5580000)
 Metaspace       used 6117K, capacity 7026K, committed 7296K, reserved 1056768K
  class space    used 603K, capacity 618K, committed 640K, reserved 1048576K
}
Event: 2.526 GC heap before
{Heap before GC invocations=3 (full 0):
 PSYoungGen      total 71680K, used 71668K [0x00000000eab00000, 0x00000000ef600000, 0x0000000100000000)
  eden space 66560K, 100% used [0x00000000eab00000,0x00000000eec00000,0x00000000eec00000)
  from space 5120K, 99% used [0x00000000ef100000,0x00000000ef5fd318,0x00000000ef600000)
  to   space 5120K, 0% used [0x00000000eec00000,0x00000000eec00000,0x00000000ef100000)
 ParOldGen       total 87552K, used 2895K [0x00000000c0000000, 0x00000000c5580000, 0x00000000eab00000)
  object space 87552K, 3% used [0x00000000c0000000,0x00000000c02d3e48,0x00000000c5580000)
 Metaspace       used 6276K, capacity 7090K, committed 7296K, reserved 1056768K
  class space    used 604K, capacity 618K, committed 640K, reserved 1048576K
Event: 2.550 GC heap after
Heap after GC invocations=3 (full 0):
 PSYoungGen      total 71680K, used 5103K [0x00000000eab00000, 0x00000000ef600000, 0x0000000100000000)
  eden space 66560K, 0% used [0x00000000eab00000,0x00000000eab00000,0x00000000eec00000)
  from space 5120K, 99% used [0x00000000eec00000,0x00000000ef0fbe00,0x00000000ef100000)
  to   space 5120K, 0% used [0x00000000ef100000,0x00000000ef100000,0x00000000ef600000)
 ParOldGen       total 87552K, used 13465K [0x00000000c0000000, 0x00000000c5580000, 0x00000000eab00000)
  object space 87552K, 15% used [0x00000000c0000000,0x00000000c0d26738,0x00000000c5580000)
 Metaspace       used 6276K, capacity 7090K, committed 7296K, reserved 1056768K
  class space    used 604K, capacity 618K, committed 640K, reserved 1048576K
}

Deoptimization events (10 events):
Event: 2.309 Thread 0x0000000056c78800 Uncommon trap: reason=bimorphic action=maybe_recompile pc=0x0000000002da2788 method=java.util.HashMap.getNode(ILjava/lang/Object;)Ljava/util/HashMap$Node; @ 126
Event: 2.309 Thread 0x0000000056c78800 Uncommon trap: reason=class_check action=maybe_recompile pc=0x0000000002afc3f8 method=java.util.HashMap.putVal(ILjava/lang/Object;Ljava/lang/Object;ZZ)Ljava/lang/Object; @ 203
Event: 2.317 Thread 0x0000000056c78800 Uncommon trap: reason=unstable_if action=reinterpret pc=0x0000000002cba2f8 method=com.android.dx.ssa.SsaRenamer$BlockRenamer.process()V @ 90
Event: 2.325 Thread 0x0000000056c78800 Uncommon trap: reason=unstable_if action=reinterpret pc=0x0000000002cc9918 method=com.android.dx.ssa.SCCP.simulateBranch(Lcom/android/dx/ssa/SsaInsn;)V @ 64
Event: 2.325 Thread 0x0000000056c78800 Uncommon trap: reason=unstable_if action=reinterpret pc=0x0000000002cdd770 method=com.android.dx.ssa.LiteralOpUpgrader$1.visitNonMoveInsn(Lcom/android/dx/ssa/NormalSsaInsn;)V @ 55
Event: 2.325 Thread 0x0000000056c78800 Uncommon trap: reason=unstable_if action=reinterpret pc=0x0000000002a9188c method=com.android.dx.ssa.SsaMethod.updateOneDefinition(Lcom/android/dx/ssa/SsaInsn;Lcom/android/dx/rop/code/RegisterSpec;)V @ 4
Event: 2.391 Thread 0x00000000571e0800 Uncommon trap: reason=unstable_if action=reinterpret pc=0x0000000002d27474 method=com.android.dx.util.MutabilityControl.isImmutable()Z @ 4
Event: 2.509 Thread 0x00000000571e0800 Uncommon trap: reason=unstable_if action=reinterpret pc=0x0000000002a15b04 method=com.android.dx.rop.code.RegisterSpec.equals(ILcom/android/dx/rop/type/TypeBearer;Lcom/android/dx/rop/code/LocalItem;)Z @ 42
Event: 2.576 Thread 0x0000000056cd9000 Uncommon trap: reason=unstable_if action=reinterpret pc=0x00000000029c53ac method=com.android.dx.util.IntList.binarysearch(I)I @ 105
Event: 2.639 Thread 0x0000000056c7c000 Uncommon trap: reason=unstable_if action=reinterpret pc=0x0000000002bba5f4 method=com.android.dx.ssa.SCCP.simulateStmt(Lcom/android/dx/ssa/SsaInsn;)V @ 59

Internal exceptions (3 events):
Event: 0.029 Thread 0x000000000205e800 Exception <a 'java/lang/NoSuchMethodError': Method sun.misc.Unsafe.defineClass(Ljava/lang/String;[BII)Ljava/lang/Class; name or signature does not match> (0x00000000eab07cc0) thrown at [D:\re\workspace\8-2-build-windows-amd64-cygwin\jdk8u92\6642\hotspot\sruš‘Ys"ž?
Event: 0.029 Thread 0x000000000205e800 Exception <a 'java/lang/NoSuchMethodError': Method sun.misc.Unsafe.prefetchRead(Ljava/lang/Object;J)V name or signature does not match> (0x00000000eab07fa8) thrown at [D:\re\workspace\8-2-build-windows-amd64-cygwin\jdk8u92\6642\hotspot\src\share\vm\prims\j@ÐÍØsð?
Event: 1.005 Thread 0x0000000056c78800 Implicit null exception at 0x0000000002963337 to 0x0000000002964bcd

Events (10 events):
Event: 2.509 Thread 0x00000000571e0800 DEOPT PACKING pc=0x0000000002a15b04 sp=0x000000005834eb60
Event: 2.509 Thread 0x00000000571e0800 DEOPT UNPACKING pc=0x000000000279582a sp=0x000000005834eae8 mode 2
Event: 2.524 Executing VM operation: ParallelGCFailedAllocation
Event: 2.550 Executing VM operation: ParallelGCFailedAllocation done
Event: 2.576 Thread 0x0000000056cd9000 Uncommon trap: trap_request=0xffffff65 fr.pc=0x00000000029c53ac
Event: 2.576 Thread 0x0000000056cd9000 DEOPT PACKING pc=0x00000000029c53ac sp=0x0000000057afeab0
Event: 2.576 Thread 0x0000000056cd9000 DEOPT UNPACKING pc=0x000000000279582a sp=0x0000000057afea28 mode 2
Event: 2.639 Thread 0x0000000056c7c000 Uncommon trap: trap_request=0xffffff65 fr.pc=0x0000000002bba5f4
Event: 2.639 Thread 0x0000000056c7c000 DEOPT PACKING pc=0x0000000002bba5f4 sp=0x000000005811e3f0
Event: 2.639 Thread 0x0000000056c7c000 DEOPT UNPACKING pc=0x000000000279582a sp=0x000000005811e3b8 mode 2


Dynamic libraries:
0x000000013f180000 - 0x000000013f1b7000 	C:\Program Files\Java\jdk1.8.0_92\bin\java.exe
0x0000000077a40000 - 0x0000000077bea000 	C:\WINDOWS\SYSTEM32\ntdll.dll
0x0000000077920000 - 0x0000000077a3f000 	C:\WINDOWS\system32\kernel32.dll
0x000007fefdad0000 - 0x000007fefdb3a000 	C:\WINDOWS\system32\KERNELBASE.dll
0x000007fefed30000 - 0x000007fefee0b000 	C:\WINDOWS\system32\ADVAPI32.dll
0x000007feff900000 - 0x000007feff99f000 	C:\WINDOWS\system32\msvcrt.dll
0x000007fefdc30000 - 0x000007fefdc4f000 	C:\WINDOWS\SYSTEM32\sechost.dll
0x000007feffa70000 - 0x000007feffb9d000 	C:\WINDOWS\system32\RPCRT4.dll
0x0000000077820000 - 0x000000007791a000 	C:\WINDOWS\system32\USER32.dll
0x000007fefee90000 - 0x000007fefeef7000 	C:\WINDOWS\system32\GDI32.dll
0x000007feff760000 - 0x000007feff76e000 	C:\WINDOWS\system32\LPK.dll
0x000007feff9a0000 - 0x000007feffa6a000 	C:\WINDOWS\system32\USP10.dll
0x000007fefc070000 - 0x000007fefc264000 	C:\WINDOWS\WinSxS\amd64_microsoft.windows.common-controls_6595b64144ccf1df_6.0.7601.18837_none_fa3b1e3d17594757\COMCTL32.dll
0x000007fefdc50000 - 0x000007fefdcc1000 	C:\WINDOWS\system32\SHLWAPI.dll
0x000007fefef00000 - 0x000007fefef2e000 	C:\WINDOWS\system32\IMM32.DLL
0x000007feffc40000 - 0x000007feffd49000 	C:\WINDOWS\system32\MSCTF.dll
0x000000005a140000 - 0x000000005a212000 	C:\Program Files\Java\jdk1.8.0_92\jre\bin\msvcr100.dll
0x0000000070150000 - 0x00000000709e6000 	C:\Program Files\Java\jdk1.8.0_92\jre\bin\server\jvm.dll
0x000007fef0830000 - 0x000007fef0839000 	C:\WINDOWS\system32\WSOCK32.dll
0x000007feff1e0000 - 0x000007feff22d000 	C:\WINDOWS\system32\WS2_32.dll
0x000007fefdc20000 - 0x000007fefdc28000 	C:\WINDOWS\system32\NSI.dll
0x000007fef9eb0000 - 0x000007fef9eeb000 	C:\WINDOWS\system32\WINMM.dll
0x000007fefc7e0000 - 0x000007fefc7ec000 	C:\WINDOWS\system32\VERSION.dll
0x0000000077c00000 - 0x0000000077c07000 	C:\WINDOWS\system32\PSAPI.DLL
0x0000000070be0000 - 0x0000000070bef000 	C:\Program Files\Java\jdk1.8.0_92\jre\bin\verify.dll
0x000000006c970000 - 0x000000006c999000 	C:\Program Files\Java\jdk1.8.0_92\jre\bin\java.dll
0x0000000001fe0000 - 0x0000000001ff6000 	C:\Program Files\Java\jdk1.8.0_92\jre\bin\zip.dll
0x000007fefdcd0000 - 0x000007fefea5c000 	C:\WINDOWS\system32\SHELL32.dll
0x000007feff230000 - 0x000007feff433000 	C:\WINDOWS\system32\ole32.dll
0x000007fefd7d0000 - 0x000007fefd7df000 	C:\WINDOWS\system32\profapi.dll

VM Arguments:
jvm_args: -Djava.awt.headless=true -Xmx1024M -Dfile.encoding=windows-1252 -Duser.country=CA -Duser.language=fr -Duser.variant 
java_command: com.android.dx.command.Main --dex --force-jumbo --num-threads=4 --multi-dex --output C:\Users\1354177\Desktop\projetpetshop\projetpetshop\app\build\intermediates\transforms\dex\debug\folders\1000\10\com.android.support-support-v4-23.4.0_20f58488123adc614eb9f1e09366fa0df5efecfd C:\Users\1354177\Desktop\projetpetshop\projetpetshop\app\build\intermediates\exploded-aar\com.android.support\support-v4\23.4.0\jars\classes.jar
java_class_path (initial): C:\Android\sdk\build-tools\23.0.3\lib\dx.jar
Launcher Type: SUN_STANDARD

Environment Variables:
PATH=C:\ProgramData\Oracle\Java\javapath;C:\Program Files\Common Files\Microsoft Shared\Windows Live;C:\Program Files (x86)\Common Files\Microsoft Shared\Windows Live;C:\WINDOWS\system32;C:\WINDOWS;C:\WINDOWS\System32\Wbem;C:\WINDOWS\System32\WindowsPowerShell\v1.0\;C:\Program Files (x86)\Windows Live\Shared;C:\Program Files (x86)\Brackets\command;C:\Program Files\nodejs\;C:\Program Files\TortoiseGit\bin;C:\Program Files\Git\cmd;C:\Program Files\TortoiseSVN\bin;C:\Program Files\Microsoft SQL Server\120\Tools\Binn\;C:\Program Files\Microsoft SQL Server\Client SDK\ODBC\110\Tools\Binn\;C:\Program Files (x86)\Microsoft SQL Server\120\Tools\Binn\;C:\Program Files\Microsoft SQL Server\120\DTS\Binn\;C:\Program Files (x86)\Microsoft SQL Server\120\Tools\Binn\ManagementStudio\;C:\Program Files (x86)\Microsoft SQL Server\120\DTS\Binn\;C:\Users\1354177\.dnx\bin;C:\Program Files\Microsoft DNX\Dnvm\;C:\Program Files\Microsoft SQL Server\130\Tools\Binn\;C:\Users\Administrateur\AppData\Roaming\npm
USERNAME=1354177
OS=Windows_NT
PROCESSOR_IDENTIFIER=Intel64 Family 6 Model 45 Stepping 7, GenuineIntel



---------------  S Y S T E M  ---------------

OS: Windows 7 , 64 bit Build 7601 (6.1.7601.23418)

CPU:total 4 (4 cores per cpu, 1 threads per core) family 6 model 45 stepping 7, cmov, cx8, fxsr, mmx, sse, sse2, sse3, ssse3, sse4.1, sse4.2, popcnt, avx, aes, clmul, tsc, tscinvbit, tscinv

Memory: 4k page, physical 8338636k(118432k free), swap 10433928k(13164k free)

vm_info: Java HotSpot(TM) 64-Bit Server VM (25.92-b14) for windows-amd64 JRE (1.8.0_92-b14), built on Mar 31 2016 21:03:04 by "java_re" with MS VC++ 10.0 (VS2010)

time: Thu Nov 17 13:20:10 2016
elapsed time: 2 seconds (0d 0h 0m 2s)

