#
# There is insufficient memory for the Java Runtime Environment to continue.
# Native memory allocation (malloc) failed to allocate 191056 bytes for Chunk::new
# Possible reasons:
#   The system is out of physical RAM or swap space
#   In 32 bit mode, the process size limit was hit
# Possible solutions:
#   Reduce memory load on the system
#   Increase physical memory or swap space
#   Check if swap backing store is full
#   Use 64 bit Java on a 64 bit OS
#   Decrease Java heap size (-Xmx/-Xms)
#   Decrease number of Java threads
#   Decrease Java thread stack sizes (-Xss)
#   Set larger code cache with -XX:ReservedCodeCacheSize=
# This output file may be truncated or incomplete.
#
#  Out of Memory Error (allocation.cpp:390), pid=1376, tid=0x0000000000001438
#
# JRE version: Java(TM) SE Runtime Environment (8.0_92-b14) (build 1.8.0_92-b14)
# Java VM: Java HotSpot(TM) 64-Bit Server VM (25.92-b14 mixed mode windows-amd64 compressed oops)
# Failed to write core dump. Minidumps are not enabled by default on client versions of Windows
#

---------------  T H R E A D  ---------------

Current thread (0x0000000055122000):  JavaThread "C2 CompilerThread0" daemon [_thread_in_native, id=5176, stack(0x0000000056b20000,0x0000000056c20000)]

Stack: [0x0000000056b20000,0x0000000056c20000]
[error occurred during error reporting (printing stack bounds), id 0xc0000005]

Native frames: (J=compiled Java code, j=interpreted, Vv=VM code, C=native code)


Current CompileTask:
C2:   2226 1113   !   4       com.android.dx.cf.code.BytecodeArray::parseInstruction (2764 bytes)


---------------  P R O C E S S  ---------------

Java Threads: ( => current thread )
  0x0000000057030000 JavaThread "pool-2-thread-4" [_thread_blocked, id=8112, stack(0x0000000057c60000,0x0000000057d60000)]
  0x000000005702a800 JavaThread "pool-2-thread-3" [_thread_blocked, id=5340, stack(0x0000000057b40000,0x0000000057c40000)]
  0x0000000056ed9800 JavaThread "pool-2-thread-2" [_thread_in_Java, id=6520, stack(0x00000000579c0000,0x0000000057ac0000)]
  0x0000000056ed8800 JavaThread "pool-3-thread-1" [_thread_blocked, id=7160, stack(0x00000000577e0000,0x00000000578e0000)]
  0x0000000056ed5000 JavaThread "pool-2-thread-1" [_thread_blocked, id=6340, stack(0x0000000057630000,0x0000000057730000)]
  0x0000000056e08000 JavaThread "Service Thread" daemon [_thread_blocked, id=7388, stack(0x0000000057400000,0x0000000057500000)]
  0x0000000055125000 JavaThread "C1 CompilerThread2" daemon [_thread_blocked, id=8188, stack(0x0000000057280000,0x0000000057380000)]
  0x0000000055124000 JavaThread "C2 CompilerThread1" daemon [_thread_blocked, id=1728, stack(0x0000000056c90000,0x0000000056d90000)]
=>0x0000000055122000 JavaThread "C2 CompilerThread0" daemon [_thread_in_native, id=5176, stack(0x0000000056b20000,0x0000000056c20000)]
  0x000000005512f800 JavaThread "Attach Listener" daemon [_thread_blocked, id=4488, stack(0x0000000056930000,0x0000000056a30000)]
  0x000000005512e000 JavaThread "Signal Dispatcher" daemon [_thread_blocked, id=7988, stack(0x00000000567c0000,0x00000000568c0000)]
  0x000000005510a000 JavaThread "Finalizer" daemon [_thread_blocked, id=7200, stack(0x0000000056550000,0x0000000056650000)]
  0x00000000550c2000 JavaThread "Reference Handler" daemon [_thread_blocked, id=7772, stack(0x0000000056390000,0x0000000056490000)]
  0x000000000235e800 JavaThread "main" [_thread_blocked, id=7824, stack(0x0000000002660000,0x0000000002760000)]

Other Threads:
  0x00000000550ba800 VMThread [stack: 0x00000000561d0000,0x00000000562d0000] [id=7592]
  0x0000000056e11000 WatcherThread [stack: 0x0000000057500000,0x0000000057600000] [id=6356]

VM state:not at safepoint (normal execution)

VM Mutex/Monitor currently owned by a thread: None

Heap:
 PSYoungGen      total 38400K, used 32650K [0x00000000eab00000, 0x00000000ed580000, 0x0000000100000000)
  eden space 33280K, 98% used [0x00000000eab00000,0x00000000ecae2810,0x00000000ecb80000)
  from space 5120K, 0% used [0x00000000ed080000,0x00000000ed080000,0x00000000ed580000)
  to   space 5120K, 0% used [0x00000000ecb80000,0x00000000ecb80000,0x00000000ed080000)
 ParOldGen       total 87552K, used 0K [0x00000000c0000000, 0x00000000c5580000, 0x00000000eab00000)
  object space 87552K, 0% used [0x00000000c0000000,0x00000000c0000000,0x00000000c5580000)
 Metaspace       used 5682K, capacity 6832K, committed 7040K, reserved 1056768K
  class space    used 576K, capacity 616K, committed 640K, reserved 1048576K

Card table byte_map: [0x0000000011df0000,0x0000000012000000] byte_map_base: 0x00000000117f0000

Marking Bits: (ParMarkBitMap*) 0x00000000709664f0
 Begin Bits: [0x0000000012530000, 0x0000000013530000)
 End Bits:   [0x0000000013530000, 0x0000000014530000)

Polling page: 0x0000000000130000

CodeCache: size=245760Kb used=4441Kb max_used=4455Kb free=241318Kb
 bounds [0x0000000002a30000, 0x0000000002e90000, 0x0000000011a30000]
 total_blobs=1390 nmethods=1127 adapters=174
 compilation: disabled (not enough contiguous free space left)

Compilation events (10 events):
Event: 2.165 Thread 0x0000000055125000 nmethod 1128 0x0000000002e7de50 code [0x0000000002e7dfa0, 0x0000000002e7e0b0]
Event: 2.166 Thread 0x0000000055125000 1130       3       com.android.dx.ssa.SsaMethod::onInsnsChanged (16 bytes)
Event: 2.166 Thread 0x0000000055125000 nmethod 1130 0x0000000002e7da90 code [0x0000000002e7dbe0, 0x0000000002e7dd70]
Event: 2.167 Thread 0x0000000055125000 1131       1       com.android.dx.ssa.BasicRegisterMapper::getNewRegisterCount (5 bytes)
Event: 2.167 Thread 0x0000000055125000 nmethod 1131 0x0000000002e87890 code [0x0000000002e879e0, 0x0000000002e87af0]
Event: 2.167 Thread 0x0000000055125000 1132       3       com.android.dx.ssa.SsaMethod::forEachBlockDepthFirst (194 bytes)
Event: 2.168 Thread 0x0000000055124000 nmethod 1115 0x0000000002e8b450 code [0x0000000002e8b600, 0x0000000002e8c278]
Event: 2.168 Thread 0x0000000055124000 1122       4       com.android.dx.ssa.SsaMethod::bitSetFromLabelList (47 bytes)
Event: 2.170 Thread 0x0000000055125000 

Event: 2.174 Thread 0x0000000055124000 


GC Heap History (0 events):
No events

Deoptimization events (7 events):
Event: 1.317 Thread 0x0000000056ed9800 Uncommon trap: reason=class_check action=maybe_recompile pc=0x0000000002be8400 method=com.android.dx.rop.cst.CstMemberRef.compareTo0(Lcom/android/dx/rop/cst/Constant;)I @ 1
Event: 1.321 Thread 0x000000005702a800 Uncommon trap: reason=class_check action=maybe_recompile pc=0x0000000002be8400 method=com.android.dx.rop.cst.CstMemberRef.compareTo0(Lcom/android/dx/rop/cst/Constant;)I @ 1
Event: 1.321 Thread 0x000000005702a800 Uncommon trap: reason=class_check action=maybe_recompile pc=0x0000000002be8400 method=com.android.dx.rop.cst.CstMemberRef.compareTo0(Lcom/android/dx/rop/cst/Constant;)I @ 1
Event: 1.325 Thread 0x000000005702a800 Uncommon trap: reason=unstable_if action=reinterpret pc=0x0000000002c3212c method=java.util.HashMap.getNode(ILjava/lang/Object;)Ljava/util/HashMap$Node; @ 62
Event: 1.337 Thread 0x000000000235e800 Uncommon trap: reason=class_check action=maybe_recompile pc=0x0000000002be8400 method=com.android.dx.rop.cst.CstMemberRef.compareTo0(Lcom/android/dx/rop/cst/Constant;)I @ 1
Event: 1.507 Thread 0x000000005702a800 Uncommon trap: reason=unstable_if action=reinterpret pc=0x0000000002bea684 method=com.android.dx.rop.cst.CstFieldRef.compareTo0(Lcom/android/dx/rop/cst/Constant;)I @ 7
Event: 1.654 Thread 0x000000000235e800 Uncommon trap: reason=unstable_if action=reinterpret pc=0x0000000002baf66c method=java.lang.String.<init>([CII)V @ 18

Internal exceptions (2 events):
Event: 0.144 Thread 0x000000000235e800 Exception <a 'java/lang/NoSuchMethodError': Method sun.misc.Unsafe.defineClass(Ljava/lang/String;[BII)Ljava/lang/Class; name or signature does not match> (0x00000000eab07cc0) thrown at [D:\re\workspace\8-2-build-windows-amd64-cygwin\jdk8u92\6642\hotspot\srž!(ÂnyÂ?
Event: 0.144 Thread 0x000000000235e800 Exception <a 'java/lang/NoSuchMethodError': Method sun.misc.Unsafe.prefetchRead(Ljava/lang/Object;J)V name or signature does not match> (0x00000000eab07fa8) thrown at [D:\re\workspace\8-2-build-windows-amd64-cygwin\jdk8u92\6642\hotspot\src\share\vm\prims\j

Events (10 events):
Event: 1.507 Thread 0x000000005702a800 Uncommon trap: trap_request=0xffffff65 fr.pc=0x0000000002bea684
Event: 1.507 Thread 0x000000005702a800 DEOPT PACKING pc=0x0000000002bea684 sp=0x0000000057c3f100
Event: 1.507 Thread 0x000000005702a800 DEOPT UNPACKING pc=0x0000000002a7582a sp=0x0000000057c3f088 mode 2
Event: 1.543 loading class java/util/ArrayList$1
Event: 1.577 Executing VM operation: ForceSafepoint
Event: 1.578 Executing VM operation: ForceSafepoint done
Event: 1.654 Thread 0x000000000235e800 Uncommon trap: trap_request=0xffffff65 fr.pc=0x0000000002baf66c
Event: 1.654 Thread 0x000000000235e800 DEOPT PACKING pc=0x0000000002baf66c sp=0x000000000275e590
Event: 1.654 Thread 0x000000000235e800 DEOPT UNPACKING pc=0x0000000002a7582a sp=0x000000000275e4c0 mode 2
Event: 1.705 loading class java/util/ArrayList$1 done


Dynamic libraries:
0x000000013f180000 - 0x000000013f1b7000 	C:\Program Files\Java\jdk1.8.0_92\bin\java.exe
0x0000000077a40000 - 0x0000000077bea000 	C:\WINDOWS\SYSTEM32\ntdll.dll
0x0000000077920000 - 0x0000000077a3f000 	C:\WINDOWS\system32\kernel32.dll
0x000007fefdad0000 - 0x000007fefdb3a000 	C:\WINDOWS\system32\KERNELBASE.dll
0x000007fefed30000 - 0x000007fefee0b000 	C:\WINDOWS\system32\ADVAPI32.dll
0x000007feff900000 - 0x000007feff99f000 	C:\WINDOWS\system32\msvcrt.dll
0x000007fefdc30000 - 0x000007fefdc4f000 	C:\WINDOWS\SYSTEM32\sechost.dll
0x000007feffa70000 - 0x000007feffb9d000 	C:\WINDOWS\system32\RPCRT4.dll
0x0000000077820000 - 0x000000007791a000 	C:\WINDOWS\system32\USER32.dll
0x000007fefee90000 - 0x000007fefeef7000 	C:\WINDOWS\system32\GDI32.dll
0x000007feff760000 - 0x000007feff76e000 	C:\WINDOWS\system32\LPK.dll
0x000007feff9a0000 - 0x000007feffa6a000 	C:\WINDOWS\system32\USP10.dll
0x000007fefc070000 - 0x000007fefc264000 	C:\WINDOWS\WinSxS\amd64_microsoft.windows.common-controls_6595b64144ccf1df_6.0.7601.18837_none_fa3b1e3d17594757\COMCTL32.dll
0x000007fefdc50000 - 0x000007fefdcc1000 	C:\WINDOWS\system32\SHLWAPI.dll
0x000007fefef00000 - 0x000007fefef2e000 	C:\WINDOWS\system32\IMM32.DLL
0x000007feffc40000 - 0x000007feffd49000 	C:\WINDOWS\system32\MSCTF.dll
0x000000005a140000 - 0x000000005a212000 	C:\Program Files\Java\jdk1.8.0_92\jre\bin\msvcr100.dll
0x0000000070150000 - 0x00000000709e6000 	C:\Program Files\Java\jdk1.8.0_92\jre\bin\server\jvm.dll
0x000007fef0830000 - 0x000007fef0839000 	C:\WINDOWS\system32\WSOCK32.dll
0x000007feff1e0000 - 0x000007feff22d000 	C:\WINDOWS\system32\WS2_32.dll
0x000007fefdc20000 - 0x000007fefdc28000 	C:\WINDOWS\system32\NSI.dll
0x000007fef9eb0000 - 0x000007fef9eeb000 	C:\WINDOWS\system32\WINMM.dll
0x000007fefc7e0000 - 0x000007fefc7ec000 	C:\WINDOWS\system32\VERSION.dll
0x0000000077c00000 - 0x0000000077c07000 	C:\WINDOWS\system32\PSAPI.DLL
0x0000000070be0000 - 0x0000000070bef000 	C:\Program Files\Java\jdk1.8.0_92\jre\bin\verify.dll
0x000000006c970000 - 0x000000006c999000 	C:\Program Files\Java\jdk1.8.0_92\jre\bin\java.dll
0x0000000000160000 - 0x0000000000176000 	C:\Program Files\Java\jdk1.8.0_92\jre\bin\zip.dll
0x000007fefdcd0000 - 0x000007fefea5c000 	C:\WINDOWS\system32\SHELL32.dll
0x000007feff230000 - 0x000007feff433000 	C:\WINDOWS\system32\ole32.dll
0x000007fefd7d0000 - 0x000007fefd7df000 	C:\WINDOWS\system32\profapi.dll

VM Arguments:
jvm_args: -Djava.awt.headless=true -Xmx1024M -Dfile.encoding=windows-1252 -Duser.country=CA -Duser.language=fr -Duser.variant 
java_command: com.android.dx.command.Main --dex --force-jumbo --num-threads=4 --multi-dex --output C:\Users\1354177\Desktop\projetpetshop\projetpetshop\app\build\intermediates\transforms\dex\debug\folders\1000\5\slice_2 C:\Users\1354177\Desktop\projetpetshop\projetpetshop\app\build\intermediates\transforms\instantRunSlicer\debug\folders\1\5\slice_2
java_class_path (initial): C:\Android\sdk\build-tools\23.0.3\lib\dx.jar
Launcher Type: SUN_STANDARD

Environment Variables:
PATH=C:\ProgramData\Oracle\Java\javapath;C:\Program Files\Common Files\Microsoft Shared\Windows Live;C:\Program Files (x86)\Common Files\Microsoft Shared\Windows Live;C:\WINDOWS\system32;C:\WINDOWS;C:\WINDOWS\System32\Wbem;C:\WINDOWS\System32\WindowsPowerShell\v1.0\;C:\Program Files (x86)\Windows Live\Shared;C:\Program Files (x86)\Brackets\command;C:\Program Files\nodejs\;C:\Program Files\TortoiseGit\bin;C:\Program Files\Git\cmd;C:\Program Files\TortoiseSVN\bin;C:\Program Files\Microsoft SQL Server\120\Tools\Binn\;C:\Program Files\Microsoft SQL Server\Client SDK\ODBC\110\Tools\Binn\;C:\Program Files (x86)\Microsoft SQL Server\120\Tools\Binn\;C:\Program Files\Microsoft SQL Server\120\DTS\Binn\;C:\Program Files (x86)\Microsoft SQL Server\120\Tools\Binn\ManagementStudio\;C:\Program Files (x86)\Microsoft SQL Server\120\DTS\Binn\;C:\Users\1354177\.dnx\bin;C:\Program Files\Microsoft DNX\Dnvm\;C:\Program Files\Microsoft SQL Server\130\Tools\Binn\;C:\Users\Administrateur\AppData\Roaming\npm
USERNAME=1354177
OS=Windows_NT
PROCESSOR_IDENTIFIER=Intel64 Family 6 Model 45 Stepping 7, GenuineIntel



---------------  S Y S T E M  ---------------

OS: Windows 7 , 64 bit Build 7601 (6.1.7601.23418)

CPU:total 4 (4 cores per cpu, 1 threads per core) family 6 model 45 stepping 7, cmov, cx8, fxsr, mmx, sse, sse2, sse3, ssse3, sse4.1, sse4.2, popcnt, avx, aes, clmul, tsc, tscinvbit, tscinv

Memory: 4k page, physical 8338636k(101472k free), swap 10433928k(208996k free)

vm_info: Java HotSpot(TM) 64-Bit Server VM (25.92-b14) for windows-amd64 JRE (1.8.0_92-b14), built on Mar 31 2016 21:03:04 by "java_re" with MS VC++ 10.0 (VS2010)

time: Thu Nov 17 13:19:50 2016
elapsed time: 2 seconds (0d 0h 0m 2s)

