#
# There is insufficient memory for the Java Runtime Environment to continue.
# Native memory allocation (malloc) failed to allocate 532128 bytes for Chunk::new
# Possible reasons:
#   The system is out of physical RAM or swap space
#   In 32 bit mode, the process size limit was hit
# Possible solutions:
#   Reduce memory load on the system
#   Increase physical memory or swap space
#   Check if swap backing store is full
#   Use 64 bit Java on a 64 bit OS
#   Decrease Java heap size (-Xmx/-Xms)
#   Decrease number of Java threads
#   Decrease Java thread stack sizes (-Xss)
#   Set larger code cache with -XX:ReservedCodeCacheSize=
# This output file may be truncated or incomplete.
#
#  Out of Memory Error (allocation.cpp:390), pid=6756, tid=0x0000000000001c34
#
# JRE version: Java(TM) SE Runtime Environment (8.0_92-b14) (build 1.8.0_92-b14)
# Java VM: Java HotSpot(TM) 64-Bit Server VM (25.92-b14 mixed mode windows-amd64 compressed oops)
# Failed to write core dump. Minidumps are not enabled by default on client versions of Windows
#

---------------  T H R E A D  ---------------

Current thread (0x00000000551d2000):  JavaThread "C2 CompilerThread0" daemon [_thread_in_native, id=7220, stack(0x0000000056910000,0x0000000056a10000)]

Stack: [0x0000000056910000,0x0000000056a10000]
[error occurred during error reporting (printing stack bounds), id 0xc0000005]

Native frames: (J=compiled Java code, j=interpreted, Vv=VM code, C=native code)


Current CompileTask:
C2:   6897 2344       4       com.android.dx.dex.code.OutputFinisher::addConstants (93 bytes)


---------------  P R O C E S S  ---------------

Java Threads: ( => current thread )
  0x0000000056ca6000 JavaThread "pool-1-thread-1" [_thread_blocked, id=5096, stack(0x0000000057360000,0x0000000057460000)]
  0x0000000056a95800 JavaThread "Service Thread" daemon [_thread_blocked, id=7988, stack(0x0000000057160000,0x0000000057260000)]
  0x00000000551d5800 JavaThread "C1 CompilerThread2" daemon [_thread_blocked, id=3944, stack(0x0000000056ec0000,0x0000000056fc0000)]
  0x00000000551d4000 JavaThread "C2 CompilerThread1" daemon [_thread_blocked, id=7748, stack(0x0000000056810000,0x0000000056910000)]
=>0x00000000551d2000 JavaThread "C2 CompilerThread0" daemon [_thread_in_native, id=7220, stack(0x0000000056910000,0x0000000056a10000)]
  0x00000000551cf000 JavaThread "Attach Listener" daemon [_thread_blocked, id=6184, stack(0x0000000056520000,0x0000000056620000)]
  0x00000000551de000 JavaThread "Signal Dispatcher" daemon [_thread_blocked, id=6176, stack(0x00000000566e0000,0x00000000567e0000)]
  0x00000000551ba000 JavaThread "Finalizer" daemon [_thread_blocked, id=1136, stack(0x00000000563f0000,0x00000000564f0000)]
  0x0000000055172800 JavaThread "Reference Handler" daemon [_thread_blocked, id=4928, stack(0x0000000056030000,0x0000000056130000)]
  0x0000000001dbe800 JavaThread "main" [_thread_blocked, id=8012, stack(0x00000000023a0000,0x00000000024a0000)]

Other Threads:
  0x000000005516a800 VMThread [stack: 0x0000000056170000,0x0000000056270000] [id=7672]
  0x0000000056aa0000 WatcherThread [stack: 0x0000000057050000,0x0000000057150000] [id=8180]

VM state:at safepoint (normal execution)

VM Mutex/Monitor currently owned by a thread:  ([mutex/lock_event])
[0x0000000001dbcab0] Threads_lock - owner thread: 0x000000005516a800
[0x0000000001dbcfb0] Heap_lock - owner thread: 0x0000000056ca6000

Heap:
 PSYoungGen      total 138240K, used 138239K [0x00000000eab00000, 0x00000000f3700000, 0x0000000100000000)
  eden space 133120K, 100% used [0x00000000eab00000,0x00000000f2d00000,0x00000000f2d00000)
  from space 5120K, 99% used [0x00000000f3200000,0x00000000f36ffc60,0x00000000f3700000)
  to   space 5120K, 99% used [0x00000000f2d00000,0x00000000f31fd728,0x00000000f3200000)
 ParOldGen       total 87552K, used 30121K [0x00000000c0000000, 0x00000000c5580000, 0x00000000eab00000)
  object space 87552K, 34% used [0x00000000c0000000,0x00000000c1d6a5a8,0x00000000c5580000)
 Metaspace       used 6781K, capacity 7480K, committed 7680K, reserved 1056768K
  class space    used 645K, capacity 688K, committed 768K, reserved 1048576K

Card table byte_map: [0x0000000011b30000,0x0000000011d40000] byte_map_base: 0x0000000011530000

Marking Bits: (ParMarkBitMap*) 0x00000000709664f0
 Begin Bits: [0x00000000125e0000, 0x00000000135e0000)
 End Bits:   [0x00000000135e0000, 0x00000000145e0000)

Polling page: 0x0000000000230000

CodeCache: size=245760Kb used=10145Kb max_used=10145Kb free=235615Kb
 bounds [0x0000000002770000, 0x0000000003170000, 0x0000000011770000]
 total_blobs=2570 nmethods=2300 adapters=182
 compilation: enabled

Compilation events (10 events):
Event: 6.867 Thread 0x00000000551d5800 2495       3       com.android.dx.dex.code.OutputFinisher::align64bits (247 bytes)
Event: 6.868 Thread 0x00000000551d5800 nmethod 2495 0x0000000003157d50 code [0x0000000003158020, 0x0000000003159838]
Event: 6.868 Thread 0x00000000551d5800 2496       3       com.android.dx.dex.code.LocalList::set (7 bytes)
Event: 6.869 Thread 0x00000000551d5800 nmethod 2496 0x000000000315a390 code [0x000000000315a560, 0x000000000315ad28]
Event: 6.869 Thread 0x00000000551d5800 2497       3       com.android.dx.dex.code.OutputFinisher::assignAddresses (51 bytes)
Event: 6.869 Thread 0x00000000551d5800 nmethod 2497 0x000000000315b250 code [0x000000000315b440, 0x000000000315bcd8]
Event: 6.869 Thread 0x00000000551d5800 2498   !   3       com.android.dx.dex.code.OutputFinisher::fixBranches (234 bytes)
Event: 6.871 Thread 0x00000000551d5800 nmethod 2498 0x000000000315c210 code [0x000000000315c620, 0x000000000315ead8]
Event: 6.871 Thread 0x00000000551d5800 2499       1       com.android.dx.dex.file.Section::getFile (5 bytes)
Event: 6.871 Thread 0x00000000551d5800 nmethod 2499 0x000000000313d050 code [0x000000000313d1a0, 0x000000000313d2b0]

GC Heap History (9 events):
Event: 0.916 GC heap before
{Heap before GC invocations=1 (full 0):
 PSYoungGen      total 38400K, used 33280K [0x00000000eab00000, 0x00000000ed580000, 0x0000000100000000)
  eden space 33280K, 100% used [0x00000000eab00000,0x00000000ecb80000,0x00000000ecb80000)
  from space 5120K, 0% used [0x00000000ed080000,0x00000000ed080000,0x00000000ed580000)
  to   space 5120K, 0% used [0x00000000ecb80000,0x00000000ecb80000,0x00000000ed080000)
 ParOldGen       total 87552K, used 0K [0x00000000c0000000, 0x00000000c5580000, 0x00000000eab00000)
  object space 87552K, 0% used [0x00000000c0000000,0x00000000c0000000,0x00000000c5580000)
 Metaspace       used 5996K, capacity 6898K, committed 7040K, reserved 1056768K
  class space    used 604K, capacity 618K, committed 640K, reserved 1048576K
Event: 0.931 GC heap after
Heap after GC invocations=1 (full 0):
 PSYoungGen      total 38400K, used 5114K [0x00000000eab00000, 0x00000000ef600000, 0x0000000100000000)
  eden space 33280K, 0% used [0x00000000eab00000,0x00000000eab00000,0x00000000ecb80000)
  from space 5120K, 99% used [0x00000000ecb80000,0x00000000ed07ea60,0x00000000ed080000)
  to   space 5120K, 0% used [0x00000000ef100000,0x00000000ef100000,0x00000000ef600000)
 ParOldGen       total 87552K, used 1123K [0x00000000c0000000, 0x00000000c5580000, 0x00000000eab00000)
  object space 87552K, 1% used [0x00000000c0000000,0x00000000c0118eb0,0x00000000c5580000)
 Metaspace       used 5996K, capacity 6898K, committed 7040K, reserved 1056768K
  class space    used 604K, capacity 618K, committed 640K, reserved 1048576K
}
Event: 1.235 GC heap before
{Heap before GC invocations=2 (full 0):
 PSYoungGen      total 38400K, used 38394K [0x00000000eab00000, 0x00000000ef600000, 0x0000000100000000)
  eden space 33280K, 100% used [0x00000000eab00000,0x00000000ecb80000,0x00000000ecb80000)
  from space 5120K, 99% used [0x00000000ecb80000,0x00000000ed07ea60,0x00000000ed080000)
  to   space 5120K, 0% used [0x00000000ef100000,0x00000000ef100000,0x00000000ef600000)
 ParOldGen       total 87552K, used 1123K [0x00000000c0000000, 0x00000000c5580000, 0x00000000eab00000)
  object space 87552K, 1% used [0x00000000c0000000,0x00000000c0118eb0,0x00000000c5580000)
 Metaspace       used 6073K, capacity 6962K, committed 7040K, reserved 1056768K
  class space    used 604K, capacity 618K, committed 640K, reserved 1048576K
Event: 1.707 GC heap after
Heap after GC invocations=2 (full 0):
 PSYoungGen      total 71680K, used 5089K [0x00000000eab00000, 0x00000000ef600000, 0x0000000100000000)
  eden space 66560K, 0% used [0x00000000eab00000,0x00000000eab00000,0x00000000eec00000)
  from space 5120K, 99% used [0x00000000ef100000,0x00000000ef5f8798,0x00000000ef600000)
  to   space 5120K, 0% used [0x00000000eec00000,0x00000000eec00000,0x00000000ef100000)
 ParOldGen       total 87552K, used 5668K [0x00000000c0000000, 0x00000000c5580000, 0x00000000eab00000)
  object space 87552K, 6% used [0x00000000c0000000,0x00000000c0589068,0x00000000c5580000)
 Metaspace       used 6073K, capacity 6962K, committed 7040K, reserved 1056768K
  class space    used 604K, capacity 618K, committed 640K, reserved 1048576K
}
Event: 2.064 GC heap before
{Heap before GC invocations=3 (full 0):
 PSYoungGen      total 71680K, used 71649K [0x00000000eab00000, 0x00000000ef600000, 0x0000000100000000)
  eden space 66560K, 100% used [0x00000000eab00000,0x00000000eec00000,0x00000000eec00000)
  from space 5120K, 99% used [0x00000000ef100000,0x00000000ef5f8798,0x00000000ef600000)
  to   space 5120K, 0% used [0x00000000eec00000,0x00000000eec00000,0x00000000ef100000)
 ParOldGen       total 87552K, used 5668K [0x00000000c0000000, 0x00000000c5580000, 0x00000000eab00000)
  object space 87552K, 6% used [0x00000000c0000000,0x00000000c0589068,0x00000000c5580000)
 Metaspace       used 6160K, capacity 7026K, committed 7296K, reserved 1056768K
  class space    used 605K, capacity 618K, committed 640K, reserved 1048576K
Event: 2.110 GC heap after
Heap after GC invocations=3 (full 0):
 PSYoungGen      total 71680K, used 5096K [0x00000000eab00000, 0x00000000f3700000, 0x0000000100000000)
  eden space 66560K, 0% used [0x00000000eab00000,0x00000000eab00000,0x00000000eec00000)
  from space 5120K, 99% used [0x00000000eec00000,0x00000000ef0fa378,0x00000000ef100000)
  to   space 5120K, 0% used [0x00000000f3200000,0x00000000f3200000,0x00000000f3700000)
 ParOldGen       total 87552K, used 14810K [0x00000000c0000000, 0x00000000c5580000, 0x00000000eab00000)
  object space 87552K, 16% used [0x00000000c0000000,0x00000000c0e76bd8,0x00000000c5580000)
 Metaspace       used 6160K, capacity 7026K, committed 7296K, reserved 1056768K
  class space    used 605K, capacity 618K, committed 640K, reserved 1048576K
}
Event: 4.727 GC heap before
{Heap before GC invocations=4 (full 0):
 PSYoungGen      total 71680K, used 71656K [0x00000000eab00000, 0x00000000f3700000, 0x0000000100000000)
  eden space 66560K, 100% used [0x00000000eab00000,0x00000000eec00000,0x00000000eec00000)
  from space 5120K, 99% used [0x00000000eec00000,0x00000000ef0fa378,0x00000000ef100000)
  to   space 5120K, 0% used [0x00000000f3200000,0x00000000f3200000,0x00000000f3700000)
 ParOldGen       total 87552K, used 14810K [0x00000000c0000000, 0x00000000c5580000, 0x00000000eab00000)
  object space 87552K, 16% used [0x00000000c0000000,0x00000000c0e76bd8,0x00000000c5580000)
 Metaspace       used 6390K, capacity 7192K, committed 7424K, reserved 1056768K
  class space    used 626K, capacity 656K, committed 768K, reserved 1048576K
Event: 4.753 GC heap after
Heap after GC invocations=4 (full 0):
 PSYoungGen      total 138240K, used 5119K [0x00000000eab00000, 0x00000000f3700000, 0x0000000100000000)
  eden space 133120K, 0% used [0x00000000eab00000,0x00000000eab00000,0x00000000f2d00000)
  from space 5120K, 99% used [0x00000000f3200000,0x00000000f36ffc60,0x00000000f3700000)
  to   space 5120K, 0% used [0x00000000f2d00000,0x00000000f2d00000,0x00000000f3200000)
 ParOldGen       total 87552K, used 24103K [0x00000000c0000000, 0x00000000c5580000, 0x00000000eab00000)
  object space 87552K, 27% used [0x00000000c0000000,0x00000000c1789ce0,0x00000000c5580000)
 Metaspace       used 6390K, capacity 7192K, committed 7424K, reserved 1056768K
  class space    used 626K, capacity 656K, committed 768K, reserved 1048576K
}
Event: 6.872 GC heap before
{Heap before GC invocations=5 (full 0):
 PSYoungGen      total 138240K, used 138239K [0x00000000eab00000, 0x00000000f3700000, 0x0000000100000000)
  eden space 133120K, 100% used [0x00000000eab00000,0x00000000f2d00000,0x00000000f2d00000)
  from space 5120K, 99% used [0x00000000f3200000,0x00000000f36ffc60,0x00000000f3700000)
  to   space 5120K, 0% used [0x00000000f2d00000,0x00000000f2d00000,0x00000000f3200000)
 ParOldGen       total 87552K, used 24103K [0x00000000c0000000, 0x00000000c5580000, 0x00000000eab00000)
  object space 87552K, 27% used [0x00000000c0000000,0x00000000c1789ce0,0x00000000c5580000)
 Metaspace       used 6781K, capacity 7480K, committed 7680K, reserved 1056768K
  class space    used 645K, capacity 688K, committed 768K, reserved 1048576K

Deoptimization events (10 events):
Event: 6.655 Thread 0x0000000056ca6000 Uncommon trap: reason=class_check action=maybe_recompile pc=0x0000000002c24738 method=java.util.Arrays.hashCode([Ljava/lang/Object;)I @ 43
Event: 6.655 Thread 0x0000000056ca6000 Uncommon trap: reason=class_check action=maybe_recompile pc=0x0000000002c24738 method=java.util.Arrays.hashCode([Ljava/lang/Object;)I @ 43
Event: 6.655 Thread 0x0000000056ca6000 Uncommon trap: reason=class_check action=maybe_recompile pc=0x0000000002c24738 method=java.util.Arrays.hashCode([Ljava/lang/Object;)I @ 43
Event: 6.655 Thread 0x0000000056ca6000 Uncommon trap: reason=class_check action=maybe_recompile pc=0x0000000002c24738 method=java.util.Arrays.hashCode([Ljava/lang/Object;)I @ 43
Event: 6.655 Thread 0x0000000056ca6000 Uncommon trap: reason=class_check action=maybe_recompile pc=0x0000000002be3134 method=java.util.Arrays.hashCode([Ljava/lang/Object;)I @ 43
Event: 6.740 Thread 0x0000000056ca6000 Uncommon trap: reason=unstable_if action=reinterpret pc=0x0000000002c72cdc method=java.util.HashMap.putVal(ILjava/lang/Object;Ljava/lang/Object;ZZ)Ljava/lang/Object; @ 162
Event: 6.761 Thread 0x0000000056ca6000 Uncommon trap: reason=unstable_if action=reinterpret pc=0x000000000310570c method=java.util.HashMap.putVal(ILjava/lang/Object;Ljava/lang/Object;ZZ)Ljava/lang/Object; @ 206
Event: 6.761 Thread 0x0000000056ca6000 Uncommon trap: reason=unstable_if action=reinterpret pc=0x00000000030e73f0 method=java.util.HashMap.putVal(ILjava/lang/Object;Ljava/lang/Object;ZZ)Ljava/lang/Object; @ 206
Event: 6.833 Thread 0x0000000056ca6000 Uncommon trap: reason=speculate_class_check action=maybe_recompile pc=0x0000000002aea840 method=com.android.dx.util.FixedSizeList.equals(Ljava/lang/Object;)Z @ 25
Event: 6.833 Thread 0x0000000056ca6000 Uncommon trap: reason=unstable_if action=reinterpret pc=0x0000000002aeb8b8 method=java.util.Arrays.equals([Ljava/lang/Object;[Ljava/lang/Object;)Z @ 23

Internal exceptions (5 events):
Event: 0.033 Thread 0x0000000001dbe800 Exception <a 'java/lang/NoSuchMethodError': Method sun.misc.Unsafe.defineClass(Ljava/lang/String;[BII)Ljava/lang/Class; name or signature does not match> (0x00000000eab07cc0) thrown at [D:\re\workspace\8-2-build-windows-amd64-cygwin\jdk8u92\6642\hotspot\sr
Event: 0.033 Thread 0x0000000001dbe800 Exception <a 'java/lang/NoSuchMethodError': Method sun.misc.Unsafe.prefetchRead(Ljava/lang/Object;J)V name or signature does not match> (0x00000000eab07fa8) thrown at [D:\re\workspace\8-2-build-windows-amd64-cygwin\jdk8u92\6642\hotspot\src\share\vm\prims\j0,^Ра4@
Event: 4.551 Thread 0x0000000056ca1000 Exception <a 'java/lang/ArrayIndexOutOfBoundsException': 18> (0x00000000ed08b480) thrown at [D:\re\workspace\8-2-build-windows-amd64-cygwin\jdk8u92\6642\hotspot\src\share\vm\interpreter\interpreterRuntime.cpp, line 366]
Event: 4.552 Thread 0x0000000056ca1000 Exception <a 'java/lang/ArrayIndexOutOfBoundsException': 145> (0x00000000ed08d000) thrown at [D:\re\workspace\8-2-build-windows-amd64-cygwin\jdk8u92\6642\hotspot\src\share\vm\interpreter\interpreterRuntime.cpp, line 366]
Event: 4.556 Thread 0x0000000056ca1000 Exception <a 'java/lang/ArrayIndexOutOfBoundsException'> (0x00000000ed08e308) thrown at [D:\re\workspace\8-2-build-windows-amd64-cygwin\jdk8u92\6642\hotspot\src\share\vm\runtime\sharedRuntime.cpp, line 605]

Events (10 events):
Event: 6.833 Thread 0x0000000056ca6000 Uncommon trap: trap_request=0xffffff65 fr.pc=0x0000000002aeb8b8
Event: 6.833 Thread 0x0000000056ca6000 DEOPT PACKING pc=0x0000000002aeb8b8 sp=0x000000005745e5f0
Event: 6.833 Thread 0x0000000056ca6000 DEOPT UNPACKING pc=0x00000000027b582a sp=0x000000005745e590 mode 2
Event: 6.833 loading class com/android/dx/dex/code/CatchTable$Entry
Event: 6.833 loading class com/android/dx/dex/code/CatchTable$Entry done
Event: 6.834 loading class com/android/dx/util/ByteArrayAnnotatedOutput
Event: 6.834 loading class com/android/dx/util/ByteArrayAnnotatedOutput done
Event: 6.838 loading class com/android/dx/rop/code/RegisterSpecList$Expander
Event: 6.838 loading class com/android/dx/rop/code/RegisterSpecList$Expander done
Event: 6.872 Executing VM operation: ParallelGCFailedAllocation


Dynamic libraries:
0x000000013f180000 - 0x000000013f1b7000 	C:\Program Files\Java\jdk1.8.0_92\bin\java.exe
0x0000000077a40000 - 0x0000000077bea000 	C:\WINDOWS\SYSTEM32\ntdll.dll
0x0000000077920000 - 0x0000000077a3f000 	C:\WINDOWS\system32\kernel32.dll
0x000007fefdad0000 - 0x000007fefdb3a000 	C:\WINDOWS\system32\KERNELBASE.dll
0x000007fefed30000 - 0x000007fefee0b000 	C:\WINDOWS\system32\ADVAPI32.dll
0x000007feff900000 - 0x000007feff99f000 	C:\WINDOWS\system32\msvcrt.dll
0x000007fefdc30000 - 0x000007fefdc4f000 	C:\WINDOWS\SYSTEM32\sechost.dll
0x000007feffa70000 - 0x000007feffb9d000 	C:\WINDOWS\system32\RPCRT4.dll
0x0000000077820000 - 0x000000007791a000 	C:\WINDOWS\system32\USER32.dll
0x000007fefee90000 - 0x000007fefeef7000 	C:\WINDOWS\system32\GDI32.dll
0x000007feff760000 - 0x000007feff76e000 	C:\WINDOWS\system32\LPK.dll
0x000007feff9a0000 - 0x000007feffa6a000 	C:\WINDOWS\system32\USP10.dll
0x000007fefc070000 - 0x000007fefc264000 	C:\WINDOWS\WinSxS\amd64_microsoft.windows.common-controls_6595b64144ccf1df_6.0.7601.18837_none_fa3b1e3d17594757\COMCTL32.dll
0x000007fefdc50000 - 0x000007fefdcc1000 	C:\WINDOWS\system32\SHLWAPI.dll
0x000007fefef00000 - 0x000007fefef2e000 	C:\WINDOWS\system32\IMM32.DLL
0x000007feffc40000 - 0x000007feffd49000 	C:\WINDOWS\system32\MSCTF.dll
0x000000005a140000 - 0x000000005a212000 	C:\Program Files\Java\jdk1.8.0_92\jre\bin\msvcr100.dll
0x0000000070150000 - 0x00000000709e6000 	C:\Program Files\Java\jdk1.8.0_92\jre\bin\server\jvm.dll
0x000007fef0830000 - 0x000007fef0839000 	C:\WINDOWS\system32\WSOCK32.dll
0x000007feff1e0000 - 0x000007feff22d000 	C:\WINDOWS\system32\WS2_32.dll
0x000007fefdc20000 - 0x000007fefdc28000 	C:\WINDOWS\system32\NSI.dll
0x000007fef9eb0000 - 0x000007fef9eeb000 	C:\WINDOWS\system32\WINMM.dll
0x000007fefc7e0000 - 0x000007fefc7ec000 	C:\WINDOWS\system32\VERSION.dll
0x0000000077c00000 - 0x0000000077c07000 	C:\WINDOWS\system32\PSAPI.DLL
0x0000000070be0000 - 0x0000000070bef000 	C:\Program Files\Java\jdk1.8.0_92\jre\bin\verify.dll
0x000000006c970000 - 0x000000006c999000 	C:\Program Files\Java\jdk1.8.0_92\jre\bin\java.dll
0x0000000000270000 - 0x0000000000286000 	C:\Program Files\Java\jdk1.8.0_92\jre\bin\zip.dll
0x000007fefdcd0000 - 0x000007fefea5c000 	C:\WINDOWS\system32\SHELL32.dll
0x000007feff230000 - 0x000007feff433000 	C:\WINDOWS\system32\ole32.dll
0x000007fefd7d0000 - 0x000007fefd7df000 	C:\WINDOWS\system32\profapi.dll

VM Arguments:
jvm_args: -Djava.awt.headless=true -Xmx1024M -Dfile.encoding=windows-1252 -Duser.country=CA -Duser.language=fr -Duser.variant 
java_command: com.android.dx.command.Main --dex --force-jumbo --num-threads=4 --multi-dex --output C:\Users\1354177\Desktop\projetpetshop\projetpetshop\app\build\intermediates\transforms\dex\debug\folders\1000\10\com.android.support-appcompat-v7-23.4.0_ad09faabf816fff90cbbe8b53bad67262638f5b5 C:\Users\1354177\Desktop\projetpetshop\projetpetshop\app\build\intermediates\exploded-aar\com.android.support\appcompat-v7\23.4.0\jars\classes.jar
java_class_path (initial): C:\Android\sdk\build-tools\23.0.3\lib\dx.jar
Launcher Type: SUN_STANDARD

Environment Variables:
PATH=C:\ProgramData\Oracle\Java\javapath;C:\Program Files\Common Files\Microsoft Shared\Windows Live;C:\Program Files (x86)\Common Files\Microsoft Shared\Windows Live;C:\WINDOWS\system32;C:\WINDOWS;C:\WINDOWS\System32\Wbem;C:\WINDOWS\System32\WindowsPowerShell\v1.0\;C:\Program Files (x86)\Windows Live\Shared;C:\Program Files (x86)\Brackets\command;C:\Program Files\nodejs\;C:\Program Files\TortoiseGit\bin;C:\Program Files\Git\cmd;C:\Program Files\TortoiseSVN\bin;C:\Program Files\Microsoft SQL Server\120\Tools\Binn\;C:\Program Files\Microsoft SQL Server\Client SDK\ODBC\110\Tools\Binn\;C:\Program Files (x86)\Microsoft SQL Server\120\Tools\Binn\;C:\Program Files\Microsoft SQL Server\120\DTS\Binn\;C:\Program Files (x86)\Microsoft SQL Server\120\Tools\Binn\ManagementStudio\;C:\Program Files (x86)\Microsoft SQL Server\120\DTS\Binn\;C:\Users\1354177\.dnx\bin;C:\Program Files\Microsoft DNX\Dnvm\;C:\Program Files\Microsoft SQL Server\130\Tools\Binn\;C:\Users\Administrateur\AppData\Roaming\npm
USERNAME=1354177
OS=Windows_NT
PROCESSOR_IDENTIFIER=Intel64 Family 6 Model 45 Stepping 7, GenuineIntel



---------------  S Y S T E M  ---------------

OS: Windows 7 , 64 bit Build 7601 (6.1.7601.23418)

CPU:total 4 (4 cores per cpu, 1 threads per core) family 6 model 45 stepping 7, cmov, cx8, fxsr, mmx, sse, sse2, sse3, ssse3, sse4.1, sse4.2, popcnt, avx, aes, clmul, tsc, tscinvbit, tscinv

Memory: 4k page, physical 8338636k(88988k free), swap 10433928k(5216k free)

vm_info: Java HotSpot(TM) 64-Bit Server VM (25.92-b14) for windows-amd64 JRE (1.8.0_92-b14), built on Mar 31 2016 21:03:04 by "java_re" with MS VC++ 10.0 (VS2010)

time: Thu Nov 17 13:20:07 2016
elapsed time: 6 seconds (0d 0h 0m 6s)

