#
# There is insufficient memory for the Java Runtime Environment to continue.
# Native memory allocation (malloc) failed to allocate 624096 bytes for Chunk::new
# Possible reasons:
#   The system is out of physical RAM or swap space
#   In 32 bit mode, the process size limit was hit
# Possible solutions:
#   Reduce memory load on the system
#   Increase physical memory or swap space
#   Check if swap backing store is full
#   Use 64 bit Java on a 64 bit OS
#   Decrease Java heap size (-Xmx/-Xms)
#   Decrease number of Java threads
#   Decrease Java thread stack sizes (-Xss)
#   Set larger code cache with -XX:ReservedCodeCacheSize=
# This output file may be truncated or incomplete.
#
#  Out of Memory Error (allocation.cpp:390), pid=4164, tid=0x0000000000001c1c
#
# JRE version: Java(TM) SE Runtime Environment (8.0_92-b14) (build 1.8.0_92-b14)
# Java VM: Java HotSpot(TM) 64-Bit Server VM (25.92-b14 mixed mode windows-amd64 compressed oops)
# Failed to write core dump. Minidumps are not enabled by default on client versions of Windows
#

---------------  T H R E A D  ---------------

Current thread (0x0000000054edd000):  JavaThread "C2 CompilerThread1" daemon [_thread_in_native, id=7196, stack(0x0000000056900000,0x0000000056a00000)]

Stack: [0x0000000056900000,0x0000000056a00000]
[error occurred during error reporting (printing stack bounds), id 0xc0000005]

Native frames: (J=compiled Java code, j=interpreted, Vv=VM code, C=native code)


Current CompileTask:
C2:   4076 1708       4       com.android.dx.dex.code.RopToDop::dopFor (792 bytes)


---------------  P R O C E S S  ---------------

Java Threads: ( => current thread )
  0x0000000056e87800 JavaThread "pool-2-thread-4" [_thread_blocked, id=7368, stack(0x0000000057800000,0x0000000057900000)]
  0x0000000056e87000 JavaThread "pool-2-thread-3" [_thread_blocked, id=7460, stack(0x0000000057570000,0x0000000057670000)]
  0x0000000056e83800 JavaThread "pool-2-thread-2" [_thread_in_Java, id=4264, stack(0x0000000057430000,0x0000000057530000)]
  0x0000000056e55800 JavaThread "pool-3-thread-1" [_thread_blocked, id=6340, stack(0x0000000057320000,0x0000000057420000)]
  0x0000000056e54000 JavaThread "pool-2-thread-1" [_thread_blocked, id=7772, stack(0x0000000057170000,0x0000000057270000)]
  0x0000000056b9e800 JavaThread "Service Thread" daemon [_thread_blocked, id=7732, stack(0x0000000056800000,0x0000000056900000)]
  0x0000000054ede000 JavaThread "C1 CompilerThread2" daemon [_thread_in_native, id=4612, stack(0x0000000056a80000,0x0000000056b80000)]
=>0x0000000054edd000 JavaThread "C2 CompilerThread1" daemon [_thread_in_native, id=7196, stack(0x0000000056900000,0x0000000056a00000)]
  0x0000000054edb000 JavaThread "C2 CompilerThread0" daemon [_thread_in_native, id=5608, stack(0x0000000056420000,0x0000000056520000)]
  0x0000000054ed7800 JavaThread "Attach Listener" daemon [_thread_blocked, id=6248, stack(0x0000000056650000,0x0000000056750000)]
  0x0000000054ee6000 JavaThread "Signal Dispatcher" daemon [_thread_blocked, id=808, stack(0x0000000056520000,0x0000000056620000)]
  0x0000000054ebc000 JavaThread "Finalizer" daemon [_thread_blocked, id=5924, stack(0x0000000056210000,0x0000000056310000)]
  0x0000000054eba000 JavaThread "Reference Handler" daemon [_thread_blocked, id=7292, stack(0x00000000560e0000,0x00000000561e0000)]
  0x00000000021ee800 JavaThread "main" [_thread_in_vm, id=7316, stack(0x0000000002280000,0x0000000002380000)]

Other Threads:
  0x0000000054eb6800 VMThread [stack: 0x0000000055f90000,0x0000000056090000] [id=7792]
  0x0000000056bf7800 WatcherThread [stack: 0x0000000057050000,0x0000000057150000] [id=4240]

VM state:not at safepoint (normal execution)

VM Mutex/Monitor currently owned by a thread: None

Heap:
 PSYoungGen      total 71680K, used 58907K [0x00000000eab00000, 0x00000000ef600000, 0x0000000100000000)
  eden space 66560K, 80% used [0x00000000eab00000,0x00000000edf88af0,0x00000000eec00000)
  from space 5120K, 99% used [0x00000000ef100000,0x00000000ef5fe358,0x00000000ef600000)
  to   space 5120K, 0% used [0x00000000eec00000,0x00000000eec00000,0x00000000ef100000)
 ParOldGen       total 87552K, used 4818K [0x00000000c0000000, 0x00000000c5580000, 0x00000000eab00000)
  object space 87552K, 5% used [0x00000000c0000000,0x00000000c04b4940,0x00000000c5580000)
 Metaspace       used 6332K, capacity 7128K, committed 7424K, reserved 1056768K
  class space    used 624K, capacity 656K, committed 768K, reserved 1048576K

Card table byte_map: [0x0000000011a10000,0x0000000011c20000] byte_map_base: 0x0000000011410000

Marking Bits: (ParMarkBitMap*) 0x00000000709664f0
 Begin Bits: [0x0000000012300000, 0x0000000013300000)
 End Bits:   [0x0000000013300000, 0x0000000014300000)

Polling page: 0x0000000000240000

CodeCache: size=245760Kb used=7463Kb max_used=7463Kb free=238296Kb
 bounds [0x0000000002650000, 0x0000000002db0000, 0x0000000011650000]
 total_blobs=1975 nmethods=1706 adapters=182
 compilation: enabled

Compilation events (10 events):
Event: 4.022 Thread 0x0000000054ede000 1718       3       sun.util.calendar.BaseCalendar::isLeapYear (5 bytes)
Event: 4.022 Thread 0x0000000054ede000 nmethod 1718 0x0000000002d63610 code [0x0000000002d63780, 0x0000000002d63a70]
Event: 4.023 Thread 0x0000000054ede000 1719       3       com.android.dx.cf.direct.MemberListParser::getCount (17 bytes)
Event: 4.023 Thread 0x0000000054ede000 nmethod 1719 0x0000000002d82f90 code [0x0000000002d83120, 0x0000000002d83528]
Event: 4.023 Thread 0x0000000054ede000 1721       3       com.android.dx.cf.direct.MemberListParser::parseIfNecessary (12 bytes)
Event: 4.023 Thread 0x0000000054ede000 nmethod 1721 0x0000000002d82bd0 code [0x0000000002d82d40, 0x0000000002d82f08]
Event: 4.023 Thread 0x0000000054ede000 1722       1       com.android.dx.command.dexer.Main$Arguments::access$1900 (5 bytes)
Event: 4.023 Thread 0x0000000054ede000 nmethod 1722 0x0000000002d82910 code [0x0000000002d82a60, 0x0000000002d82b50]
Event: 4.024 Thread 0x0000000054ede000 1724       3       com.android.dx.command.dexer.Main::access$1400 (4 bytes)
Event: 4.024 Thread 0x0000000054ede000 nmethod 1724 0x0000000002d82610 code [0x0000000002d82760, 0x0000000002d828b0]

GC Heap History (4 events):
Event: 1.623 GC heap before
{Heap before GC invocations=1 (full 0):
 PSYoungGen      total 38400K, used 33280K [0x00000000eab00000, 0x00000000ed580000, 0x0000000100000000)
  eden space 33280K, 100% used [0x00000000eab00000,0x00000000ecb80000,0x00000000ecb80000)
  from space 5120K, 0% used [0x00000000ed080000,0x00000000ed080000,0x00000000ed580000)
  to   space 5120K, 0% used [0x00000000ecb80000,0x00000000ecb80000,0x00000000ed080000)
 ParOldGen       total 87552K, used 0K [0x00000000c0000000, 0x00000000c5580000, 0x00000000eab00000)
  object space 87552K, 0% used [0x00000000c0000000,0x00000000c0000000,0x00000000c5580000)
 Metaspace       used 6008K, capacity 6898K, committed 7040K, reserved 1056768K
  class space    used 599K, capacity 618K, committed 640K, reserved 1048576K
Event: 1.694 GC heap after
Heap after GC invocations=1 (full 0):
 PSYoungGen      total 38400K, used 5112K [0x00000000eab00000, 0x00000000ef600000, 0x0000000100000000)
  eden space 33280K, 0% used [0x00000000eab00000,0x00000000eab00000,0x00000000ecb80000)
  from space 5120K, 99% used [0x00000000ecb80000,0x00000000ed07e0e8,0x00000000ed080000)
  to   space 5120K, 0% used [0x00000000ef100000,0x00000000ef100000,0x00000000ef600000)
 ParOldGen       total 87552K, used 1128K [0x00000000c0000000, 0x00000000c5580000, 0x00000000eab00000)
  object space 87552K, 1% used [0x00000000c0000000,0x00000000c011a130,0x00000000c5580000)
 Metaspace       used 6008K, capacity 6898K, committed 7040K, reserved 1056768K
  class space    used 599K, capacity 618K, committed 640K, reserved 1048576K
}
Event: 2.056 GC heap before
{Heap before GC invocations=2 (full 0):
 PSYoungGen      total 38400K, used 38392K [0x00000000eab00000, 0x00000000ef600000, 0x0000000100000000)
  eden space 33280K, 100% used [0x00000000eab00000,0x00000000ecb80000,0x00000000ecb80000)
  from space 5120K, 99% used [0x00000000ecb80000,0x00000000ed07e0e8,0x00000000ed080000)
  to   space 5120K, 0% used [0x00000000ef100000,0x00000000ef100000,0x00000000ef600000)
 ParOldGen       total 87552K, used 1128K [0x00000000c0000000, 0x00000000c5580000, 0x00000000eab00000)
  object space 87552K, 1% used [0x00000000c0000000,0x00000000c011a130,0x00000000c5580000)
 Metaspace       used 6148K, capacity 7026K, committed 7296K, reserved 1056768K
  class space    used 603K, capacity 618K, committed 640K, reserved 1048576K
Event: 2.160 GC heap after
Heap after GC invocations=2 (full 0):
 PSYoungGen      total 71680K, used 5112K [0x00000000eab00000, 0x00000000ef600000, 0x0000000100000000)
  eden space 66560K, 0% used [0x00000000eab00000,0x00000000eab00000,0x00000000eec00000)
  from space 5120K, 99% used [0x00000000ef100000,0x00000000ef5fe358,0x00000000ef600000)
  to   space 5120K, 0% used [0x00000000eec00000,0x00000000eec00000,0x00000000ef100000)
 ParOldGen       total 87552K, used 4818K [0x00000000c0000000, 0x00000000c5580000, 0x00000000eab00000)
  object space 87552K, 5% used [0x00000000c0000000,0x00000000c04b4940,0x00000000c5580000)
 Metaspace       used 6148K, capacity 7026K, committed 7296K, reserved 1056768K
  class space    used 603K, capacity 618K, committed 640K, reserved 1048576K
}

Deoptimization events (10 events):
Event: 2.882 Thread 0x0000000056e87800 Uncommon trap: reason=bimorphic action=maybe_recompile pc=0x0000000002cd949c method=com.android.dx.cf.code.BytecodeArray.parseInstruction(ILcom/android/dx/cf/code/BytecodeArray$Visitor;)I @ 1357
Event: 3.538 Thread 0x0000000056e87800 Uncommon trap: reason=unstable_if action=reinterpret pc=0x0000000002abb46c method=com.android.dx.util.IntList.binarysearch(I)I @ 105
Event: 3.542 Thread 0x0000000056e87800 Uncommon trap: reason=bimorphic action=maybe_recompile pc=0x0000000002cd038c method=com.android.dx.ssa.LiteralOpUpgrader.tryReplacingWithConstant(Lcom/android/dx/ssa/NormalSsaInsn;)Z @ 52
Event: 3.546 Thread 0x0000000056e87800 Uncommon trap: reason=bimorphic action=maybe_recompile pc=0x0000000002cd038c method=com.android.dx.ssa.LiteralOpUpgrader.tryReplacingWithConstant(Lcom/android/dx/ssa/NormalSsaInsn;)Z @ 52
Event: 3.692 Thread 0x0000000056e87800 Uncommon trap: reason=bimorphic action=maybe_recompile pc=0x0000000002d17cb8 method=com.android.dx.cf.code.BytecodeArray.parseInstruction(ILcom/android/dx/cf/code/BytecodeArray$Visitor;)I @ 923
Event: 3.692 Thread 0x0000000056e87800 Uncommon trap: reason=bimorphic action=maybe_recompile pc=0x0000000002d17c38 method=com.android.dx.cf.code.BytecodeArray.parseInstruction(ILcom/android/dx/cf/code/BytecodeArray$Visitor;)I @ 907
Event: 3.692 Thread 0x0000000056e87800 Uncommon trap: reason=bimorphic action=maybe_recompile pc=0x0000000002d17cb8 method=com.android.dx.cf.code.BytecodeArray.parseInstruction(ILcom/android/dx/cf/code/BytecodeArray$Visitor;)I @ 923
Event: 3.693 Thread 0x0000000056e87800 Uncommon trap: reason=bimorphic action=maybe_recompile pc=0x0000000002cd038c method=com.android.dx.ssa.LiteralOpUpgrader.tryReplacingWithConstant(Lcom/android/dx/ssa/NormalSsaInsn;)Z @ 52
Event: 3.693 Thread 0x0000000056e87800 Uncommon trap: reason=bimorphic action=maybe_recompile pc=0x0000000002cd038c method=com.android.dx.ssa.LiteralOpUpgrader.tryReplacingWithConstant(Lcom/android/dx/ssa/NormalSsaInsn;)Z @ 52
Event: 3.693 Thread 0x0000000056e87800 Uncommon trap: reason=unstable_if action=reinterpret pc=0x0000000002d02620 method=com.android.dx.rop.code.LocalVariableInfo.mergeStarts(ILcom/android/dx/rop/code/RegisterSpecSet;)Z @ 31

Internal exceptions (6 events):
Event: 0.188 Thread 0x00000000021ee800 Exception <a 'java/lang/NoSuchMethodError': Method sun.misc.Unsafe.defineClass(Ljava/lang/String;[BII)Ljava/lang/Class; name or signature does not match> (0x00000000eab07cc0) thrown at [D:\re\workspace\8-2-build-windows-amd64-cygwin\jdk8u92\6642\hotspot\srå'wááÈ?
Event: 0.188 Thread 0x00000000021ee800 Exception <a 'java/lang/NoSuchMethodError': Method sun.misc.Unsafe.prefetchRead(Ljava/lang/Object;J)V name or signature does not match> (0x00000000eab07fa8) thrown at [D:\re\workspace\8-2-build-windows-amd64-cygwin\jdk8u92\6642\hotspot\src\share\vm\prims\j°óLî$gó?
Event: 1.213 Thread 0x0000000056e54000 Implicit null exception at 0x00000000028bdb92 to 0x00000000028bdc82
Event: 2.269 Thread 0x0000000056e87000 Exception <a 'java/lang/ArrayIndexOutOfBoundsException': 18> (0x00000000eaec31a0) thrown at [D:\re\workspace\8-2-build-windows-amd64-cygwin\jdk8u92\6642\hotspot\src\share\vm\interpreter\interpreterRuntime.cpp, line 366]
Event: 2.272 Thread 0x0000000056e87000 Exception <a 'java/lang/ArrayIndexOutOfBoundsException': 145> (0x00000000eaec4d20) thrown at [D:\re\workspace\8-2-build-windows-amd64-cygwin\jdk8u92\6642\hotspot\src\share\vm\interpreter\interpreterRuntime.cpp, line 366]
Event: 2.302 Thread 0x0000000056e87000 Exception <a 'java/lang/ArrayIndexOutOfBoundsException'> (0x00000000eaec6008) thrown at [D:\re\workspace\8-2-build-windows-amd64-cygwin\jdk8u92\6642\hotspot\src\share\vm\runtime\sharedRuntime.cpp, line 605]

Events (10 events):
Event: 3.692 Thread 0x0000000056e87800 DEOPT UNPACKING pc=0x000000000269582a sp=0x00000000578fe688 mode 2
Event: 3.693 Thread 0x0000000056e87800 Uncommon trap: trap_request=0xffffffc6 fr.pc=0x0000000002cd038c
Event: 3.693 Thread 0x0000000056e87800 DEOPT PACKING pc=0x0000000002cd038c sp=0x00000000578fe7e0
Event: 3.693 Thread 0x0000000056e87800 DEOPT UNPACKING pc=0x000000000269582a sp=0x00000000578fe6e8 mode 2
Event: 3.693 Thread 0x0000000056e87800 Uncommon trap: trap_request=0xffffffc6 fr.pc=0x0000000002cd038c
Event: 3.693 Thread 0x0000000056e87800 DEOPT PACKING pc=0x0000000002cd038c sp=0x00000000578fe7e0
Event: 3.693 Thread 0x0000000056e87800 DEOPT UNPACKING pc=0x000000000269582a sp=0x00000000578fe6e8 mode 2
Event: 3.693 Thread 0x0000000056e87800 Uncommon trap: trap_request=0xffffff65 fr.pc=0x0000000002d02620
Event: 3.693 Thread 0x0000000056e87800 DEOPT PACKING pc=0x0000000002d02620 sp=0x00000000578fe9c0
Event: 3.693 Thread 0x0000000056e87800 DEOPT UNPACKING pc=0x000000000269582a sp=0x00000000578fe940 mode 2


Dynamic libraries:
0x000000013f180000 - 0x000000013f1b7000 	C:\Program Files\Java\jdk1.8.0_92\bin\java.exe
0x0000000077a40000 - 0x0000000077bea000 	C:\WINDOWS\SYSTEM32\ntdll.dll
0x0000000077920000 - 0x0000000077a3f000 	C:\WINDOWS\system32\kernel32.dll
0x000007fefdad0000 - 0x000007fefdb3a000 	C:\WINDOWS\system32\KERNELBASE.dll
0x000007fefed30000 - 0x000007fefee0b000 	C:\WINDOWS\system32\ADVAPI32.dll
0x000007feff900000 - 0x000007feff99f000 	C:\WINDOWS\system32\msvcrt.dll
0x000007fefdc30000 - 0x000007fefdc4f000 	C:\WINDOWS\SYSTEM32\sechost.dll
0x000007feffa70000 - 0x000007feffb9d000 	C:\WINDOWS\system32\RPCRT4.dll
0x0000000077820000 - 0x000000007791a000 	C:\WINDOWS\system32\USER32.dll
0x000007fefee90000 - 0x000007fefeef7000 	C:\WINDOWS\system32\GDI32.dll
0x000007feff760000 - 0x000007feff76e000 	C:\WINDOWS\system32\LPK.dll
0x000007feff9a0000 - 0x000007feffa6a000 	C:\WINDOWS\system32\USP10.dll
0x000007fefc070000 - 0x000007fefc264000 	C:\WINDOWS\WinSxS\amd64_microsoft.windows.common-controls_6595b64144ccf1df_6.0.7601.18837_none_fa3b1e3d17594757\COMCTL32.dll
0x000007fefdc50000 - 0x000007fefdcc1000 	C:\WINDOWS\system32\SHLWAPI.dll
0x000007fefef00000 - 0x000007fefef2e000 	C:\WINDOWS\system32\IMM32.DLL
0x000007feffc40000 - 0x000007feffd49000 	C:\WINDOWS\system32\MSCTF.dll
0x000000005a140000 - 0x000000005a212000 	C:\Program Files\Java\jdk1.8.0_92\jre\bin\msvcr100.dll
0x0000000070150000 - 0x00000000709e6000 	C:\Program Files\Java\jdk1.8.0_92\jre\bin\server\jvm.dll
0x000007fef0830000 - 0x000007fef0839000 	C:\WINDOWS\system32\WSOCK32.dll
0x000007feff1e0000 - 0x000007feff22d000 	C:\WINDOWS\system32\WS2_32.dll
0x000007fefdc20000 - 0x000007fefdc28000 	C:\WINDOWS\system32\NSI.dll
0x000007fef9eb0000 - 0x000007fef9eeb000 	C:\WINDOWS\system32\WINMM.dll
0x000007fefc7e0000 - 0x000007fefc7ec000 	C:\WINDOWS\system32\VERSION.dll
0x0000000077c00000 - 0x0000000077c07000 	C:\WINDOWS\system32\PSAPI.DLL
0x0000000070be0000 - 0x0000000070bef000 	C:\Program Files\Java\jdk1.8.0_92\jre\bin\verify.dll
0x000000006c970000 - 0x000000006c999000 	C:\Program Files\Java\jdk1.8.0_92\jre\bin\java.dll
0x0000000001c20000 - 0x0000000001c36000 	C:\Program Files\Java\jdk1.8.0_92\jre\bin\zip.dll
0x000007fefdcd0000 - 0x000007fefea5c000 	C:\WINDOWS\system32\SHELL32.dll
0x000007feff230000 - 0x000007feff433000 	C:\WINDOWS\system32\ole32.dll
0x000007fefd7d0000 - 0x000007fefd7df000 	C:\WINDOWS\system32\profapi.dll

VM Arguments:
jvm_args: -Djava.awt.headless=true -Xmx1024M -Dfile.encoding=windows-1252 -Duser.country=CA -Duser.language=fr -Duser.variant 
java_command: com.android.dx.command.Main --dex --force-jumbo --num-threads=4 --multi-dex --output C:\Users\1354177\Desktop\projetpetshop\projetpetshop\app\build\intermediates\transforms\dex\debug\folders\1000\10\com.android.support-recyclerview-v7-23.4.0_6cb05987b971e0b306944e0da4e41b3614f0a0a9 C:\Users\1354177\Desktop\projetpetshop\projetpetshop\app\build\intermediates\exploded-aar\com.android.support\recyclerview-v7\23.4.0\jars\classes.jar
java_class_path (initial): C:\Android\sdk\build-tools\23.0.3\lib\dx.jar
Launcher Type: SUN_STANDARD

Environment Variables:
PATH=C:\ProgramData\Oracle\Java\javapath;C:\Program Files\Common Files\Microsoft Shared\Windows Live;C:\Program Files (x86)\Common Files\Microsoft Shared\Windows Live;C:\WINDOWS\system32;C:\WINDOWS;C:\WINDOWS\System32\Wbem;C:\WINDOWS\System32\WindowsPowerShell\v1.0\;C:\Program Files (x86)\Windows Live\Shared;C:\Program Files (x86)\Brackets\command;C:\Program Files\nodejs\;C:\Program Files\TortoiseGit\bin;C:\Program Files\Git\cmd;C:\Program Files\TortoiseSVN\bin;C:\Program Files\Microsoft SQL Server\120\Tools\Binn\;C:\Program Files\Microsoft SQL Server\Client SDK\ODBC\110\Tools\Binn\;C:\Program Files (x86)\Microsoft SQL Server\120\Tools\Binn\;C:\Program Files\Microsoft SQL Server\120\DTS\Binn\;C:\Program Files (x86)\Microsoft SQL Server\120\Tools\Binn\ManagementStudio\;C:\Program Files (x86)\Microsoft SQL Server\120\DTS\Binn\;C:\Users\1354177\.dnx\bin;C:\Program Files\Microsoft DNX\Dnvm\;C:\Program Files\Microsoft SQL Server\130\Tools\Binn\;C:\Users\Administrateur\AppData\Roaming\npm
USERNAME=1354177
OS=Windows_NT
PROCESSOR_IDENTIFIER=Intel64 Family 6 Model 45 Stepping 7, GenuineIntel



---------------  S Y S T E M  ---------------

OS: Windows 7 , 64 bit Build 7601 (6.1.7601.23418)

CPU:total 4 (4 cores per cpu, 1 threads per core) family 6 model 45 stepping 7, cmov, cx8, fxsr, mmx, sse, sse2, sse3, ssse3, sse4.1, sse4.2, popcnt, avx, aes, clmul, tsc, tscinvbit, tscinv

Memory: 4k page, physical 8338636k(151548k free), swap 10433928k(5108k free)

vm_info: Java HotSpot(TM) 64-Bit Server VM (25.92-b14) for windows-amd64 JRE (1.8.0_92-b14), built on Mar 31 2016 21:03:04 by "java_re" with MS VC++ 10.0 (VS2010)

time: Thu Nov 17 13:19:59 2016
elapsed time: 4 seconds (0d 0h 0m 4s)

