#
# There is insufficient memory for the Java Runtime Environment to continue.
# Native memory allocation (malloc) failed to allocate 789936 bytes for Chunk::new
# Possible reasons:
#   The system is out of physical RAM or swap space
#   In 32 bit mode, the process size limit was hit
# Possible solutions:
#   Reduce memory load on the system
#   Increase physical memory or swap space
#   Check if swap backing store is full
#   Use 64 bit Java on a 64 bit OS
#   Decrease Java heap size (-Xmx/-Xms)
#   Decrease number of Java threads
#   Decrease Java thread stack sizes (-Xss)
#   Set larger code cache with -XX:ReservedCodeCacheSize=
# This output file may be truncated or incomplete.
#
#  Out of Memory Error (allocation.cpp:390), pid=5684, tid=0x0000000000000aec
#
# JRE version: Java(TM) SE Runtime Environment (8.0_92-b14) (build 1.8.0_92-b14)
# Java VM: Java HotSpot(TM) 64-Bit Server VM (25.92-b14 mixed mode windows-amd64 compressed oops)
# Failed to write core dump. Minidumps are not enabled by default on client versions of Windows
#

---------------  T H R E A D  ---------------

Current thread (0x0000000058b55000):  JavaThread "C2 CompilerThread0" daemon [_thread_in_native, id=2796, stack(0x00000000587a0000,0x00000000588a0000)]

Stack: [0x00000000587a0000,0x00000000588a0000]
[error occurred during error reporting (printing stack bounds), id 0xc0000005]

Native frames: (J=compiled Java code, j=interpreted, Vv=VM code, C=native code)


Current CompileTask:
C2:   2963 2410       4       java.net.URLClassLoader$1::run (5 bytes)


---------------  P R O C E S S  ---------------

Java Threads: ( => current thread )
  0x000000005b123800 JavaThread "Thread-2" [_thread_in_native, id=7708, stack(0x000000005d870000,0x000000005d970000)]
  0x000000005b129000 JavaThread "Thread-1" [_thread_in_native, id=6644, stack(0x000000005d680000,0x000000005d780000)]
  0x000000005abef800 JavaThread "ThreadedStreamConsumer" [_thread_blocked, id=3172, stack(0x000000005d510000,0x000000005d610000)]
  0x000000005afad000 JavaThread "resolver-4" daemon [_thread_blocked, id=4596, stack(0x000000005ce30000,0x000000005cf30000)]
  0x000000005afac800 JavaThread "resolver-3" daemon [_thread_blocked, id=3604, stack(0x000000005cf70000,0x000000005d070000)]
  0x000000005b14b000 JavaThread "resolver-2" daemon [_thread_blocked, id=7008, stack(0x000000005cd30000,0x000000005ce30000)]
  0x000000005ac23800 JavaThread "resolver-1" daemon [_thread_blocked, id=5944, stack(0x000000005cc00000,0x000000005cd00000)]
  0x0000000058c1c800 JavaThread "Monitor Ctrl-Break" daemon [_thread_in_native, id=4808, stack(0x0000000059900000,0x0000000059a00000)]
  0x000000005754f000 JavaThread "Service Thread" daemon [_thread_blocked, id=5600, stack(0x0000000059640000,0x0000000059740000)]
  0x0000000058b5b800 JavaThread "C1 CompilerThread2" daemon [_thread_blocked, id=4748, stack(0x0000000059220000,0x0000000059320000)]
  0x0000000058b5a000 JavaThread "C2 CompilerThread1" daemon [_thread_blocked, id=8184, stack(0x00000000593a0000,0x00000000594a0000)]
=>0x0000000058b55000 JavaThread "C2 CompilerThread0" daemon [_thread_in_native, id=2796, stack(0x00000000587a0000,0x00000000588a0000)]
  0x0000000058b53800 JavaThread "Attach Listener" daemon [_thread_blocked, id=4532, stack(0x00000000590f0000,0x00000000591f0000)]
  0x0000000057545800 JavaThread "Signal Dispatcher" daemon [_thread_blocked, id=1232, stack(0x0000000058f80000,0x0000000059080000)]
  0x000000005752d000 JavaThread "Finalizer" daemon [_thread_blocked, id=7620, stack(0x0000000058a50000,0x0000000058b50000)]
  0x00000000574e6000 JavaThread "Reference Handler" daemon [_thread_blocked, id=7264, stack(0x00000000588a0000,0x00000000589a0000)]
  0x000000000234e800 JavaThread "main" [_thread_in_native, id=7808, stack(0x0000000002450000,0x0000000002550000)]

Other Threads:
  0x00000000574de800 VMThread [stack: 0x00000000585f0000,0x00000000586f0000] [id=7476]
  0x0000000058b88800 WatcherThread [stack: 0x00000000594d0000,0x00000000595d0000] [id=7220]

VM state:not at safepoint (normal execution)

VM Mutex/Monitor currently owned by a thread: None

Heap:
 PSYoungGen      total 38400K, used 19148K [0x00000000d5980000, 0x00000000da480000, 0x0000000100000000)
  eden space 33280K, 42% used [0x00000000d5980000,0x00000000d673b070,0x00000000d7a00000)
  from space 5120K, 99% used [0x00000000d7f00000,0x00000000d83f8020,0x00000000d8400000)
  to   space 5120K, 0% used [0x00000000d7a00000,0x00000000d7a00000,0x00000000d7f00000)
 ParOldGen       total 87552K, used 8440K [0x0000000080c00000, 0x0000000086180000, 0x00000000d5980000)
  object space 87552K, 9% used [0x0000000080c00000,0x000000008143e160,0x0000000086180000)
 Metaspace       used 18941K, capacity 19374K, committed 19712K, reserved 1067008K
  class space    used 2339K, capacity 2466K, committed 2560K, reserved 1048576K

Card table byte_map: [0x0000000011be0000,0x0000000011fe0000] byte_map_base: 0x00000000117da000

Marking Bits: (ParMarkBitMap*) 0x000000005fb464f0
 Begin Bits: [0x00000000127b0000, 0x0000000014780000)
 End Bits:   [0x0000000014780000, 0x0000000016750000)

Polling page: 0x0000000000230000

CodeCache: size=245760Kb used=8167Kb max_used=8174Kb free=237592Kb
 bounds [0x0000000002820000, 0x0000000003030000, 0x0000000011820000]
 total_blobs=2902 nmethods=2531 adapters=283
 compilation: enabled

Compilation events (10 events):
Event: 2.901 Thread 0x0000000058b5b800 nmethod 2527 0x0000000003020690 code [0x0000000003020800, 0x0000000003020ab0]
Event: 2.901 Thread 0x0000000058b5b800 2528       3       java.lang.ProcessEnvironment$NameComparator::compare (90 bytes)
Event: 2.901 Thread 0x0000000058b5b800 nmethod 2528 0x000000000301ee10 code [0x000000000301f040, 0x000000000301fd98]
Event: 2.901 Thread 0x0000000058b5b800 2529       3       java.lang.ProcessEnvironment$CheckedEntry::getKey (5 bytes)
Event: 2.902 Thread 0x0000000058b5a000 nmethod 2530 0x000000000301ead0 code [0x000000000301ec00, 0x000000000301ecd8]
Event: 2.902 Thread 0x0000000058b5b800 nmethod 2529 0x000000000301e510 code [0x000000000301e680, 0x000000000301e9c8]
Event: 2.902 Thread 0x0000000058b5b800 2531       3       java.lang.ProcessEnvironment$CheckedEntry::getKey (13 bytes)
Event: 2.902 Thread 0x0000000058b5b800 nmethod 2531 0x0000000003023d10 code [0x0000000003023e80, 0x0000000003024188]
Event: 2.902 Thread 0x0000000058b5b800 2532       3       java.io.OutputStream::<init> (5 bytes)
Event: 2.902 Thread 0x0000000058b5b800 nmethod 2532 0x000000000301e090 code [0x000000000301e200, 0x000000000301e3b0]

GC Heap History (8 events):
Event: 0.626 GC heap before
{Heap before GC invocations=1 (full 0):
 PSYoungGen      total 38400K, used 33280K [0x00000000d5980000, 0x00000000d8400000, 0x0000000100000000)
  eden space 33280K, 100% used [0x00000000d5980000,0x00000000d7a00000,0x00000000d7a00000)
  from space 5120K, 0% used [0x00000000d7f00000,0x00000000d7f00000,0x00000000d8400000)
  to   space 5120K, 0% used [0x00000000d7a00000,0x00000000d7a00000,0x00000000d7f00000)
 ParOldGen       total 87552K, used 0K [0x0000000080c00000, 0x0000000086180000, 0x00000000d5980000)
  object space 87552K, 0% used [0x0000000080c00000,0x0000000080c00000,0x0000000086180000)
 Metaspace       used 7737K, capacity 7918K, committed 7936K, reserved 1056768K
  class space    used 970K, capacity 1021K, committed 1024K, reserved 1048576K
Event: 0.630 GC heap after
Heap after GC invocations=1 (full 0):
 PSYoungGen      total 38400K, used 4332K [0x00000000d5980000, 0x00000000d8400000, 0x0000000100000000)
  eden space 33280K, 0% used [0x00000000d5980000,0x00000000d5980000,0x00000000d7a00000)
  from space 5120K, 84% used [0x00000000d7a00000,0x00000000d7e3b3f8,0x00000000d7f00000)
  to   space 5120K, 0% used [0x00000000d7f00000,0x00000000d7f00000,0x00000000d8400000)
 ParOldGen       total 87552K, used 16K [0x0000000080c00000, 0x0000000086180000, 0x00000000d5980000)
  object space 87552K, 0% used [0x0000000080c00000,0x0000000080c04000,0x0000000086180000)
 Metaspace       used 7737K, capacity 7918K, committed 7936K, reserved 1056768K
  class space    used 970K, capacity 1021K, committed 1024K, reserved 1048576K
}
Event: 1.191 GC heap before
{Heap before GC invocations=2 (full 0):
 PSYoungGen      total 38400K, used 37612K [0x00000000d5980000, 0x00000000d8400000, 0x0000000100000000)
  eden space 33280K, 100% used [0x00000000d5980000,0x00000000d7a00000,0x00000000d7a00000)
  from space 5120K, 84% used [0x00000000d7a00000,0x00000000d7e3b3f8,0x00000000d7f00000)
  to   space 5120K, 0% used [0x00000000d7f00000,0x00000000d7f00000,0x00000000d8400000)
 ParOldGen       total 87552K, used 16K [0x0000000080c00000, 0x0000000086180000, 0x00000000d5980000)
  object space 87552K, 0% used [0x0000000080c00000,0x0000000080c04000,0x0000000086180000)
 Metaspace       used 12298K, capacity 12456K, committed 12672K, reserved 1060864K
  class space    used 1510K, capacity 1572K, committed 1664K, reserved 1048576K
Event: 1.198 GC heap after
Heap after GC invocations=2 (full 0):
 PSYoungGen      total 38400K, used 5108K [0x00000000d5980000, 0x00000000d8400000, 0x0000000100000000)
  eden space 33280K, 0% used [0x00000000d5980000,0x00000000d5980000,0x00000000d7a00000)
  from space 5120K, 99% used [0x00000000d7f00000,0x00000000d83fd3e8,0x00000000d8400000)
  to   space 5120K, 0% used [0x00000000d7a00000,0x00000000d7a00000,0x00000000d7f00000)
 ParOldGen       total 87552K, used 2005K [0x0000000080c00000, 0x0000000086180000, 0x00000000d5980000)
  object space 87552K, 2% used [0x0000000080c00000,0x0000000080df56d8,0x0000000086180000)
 Metaspace       used 12298K, capacity 12456K, committed 12672K, reserved 1060864K
  class space    used 1510K, capacity 1572K, committed 1664K, reserved 1048576K
}
Event: 1.842 GC heap before
{Heap before GC invocations=3 (full 0):
 PSYoungGen      total 38400K, used 38388K [0x00000000d5980000, 0x00000000d8400000, 0x0000000100000000)
  eden space 33280K, 100% used [0x00000000d5980000,0x00000000d7a00000,0x00000000d7a00000)
  from space 5120K, 99% used [0x00000000d7f00000,0x00000000d83fd3e8,0x00000000d8400000)
  to   space 5120K, 0% used [0x00000000d7a00000,0x00000000d7a00000,0x00000000d7f00000)
 ParOldGen       total 87552K, used 2005K [0x0000000080c00000, 0x0000000086180000, 0x00000000d5980000)
  object space 87552K, 2% used [0x0000000080c00000,0x0000000080df56d8,0x0000000086180000)
 Metaspace       used 14432K, capacity 14870K, committed 14976K, reserved 1062912K
  class space    used 1777K, capacity 1887K, committed 1920K, reserved 1048576K
Event: 1.849 GC heap after
Heap after GC invocations=3 (full 0):
 PSYoungGen      total 38400K, used 5104K [0x00000000d5980000, 0x00000000d8400000, 0x0000000100000000)
  eden space 33280K, 0% used [0x00000000d5980000,0x00000000d5980000,0x00000000d7a00000)
  from space 5120K, 99% used [0x00000000d7a00000,0x00000000d7efc010,0x00000000d7f00000)
  to   space 5120K, 0% used [0x00000000d7f00000,0x00000000d7f00000,0x00000000d8400000)
 ParOldGen       total 87552K, used 2931K [0x0000000080c00000, 0x0000000086180000, 0x00000000d5980000)
  object space 87552K, 3% used [0x0000000080c00000,0x0000000080edcda0,0x0000000086180000)
 Metaspace       used 14432K, capacity 14870K, committed 14976K, reserved 1062912K
  class space    used 1777K, capacity 1887K, committed 1920K, reserved 1048576K
}
Event: 2.448 GC heap before
{Heap before GC invocations=4 (full 0):
 PSYoungGen      total 38400K, used 38384K [0x00000000d5980000, 0x00000000d8400000, 0x0000000100000000)
  eden space 33280K, 100% used [0x00000000d5980000,0x00000000d7a00000,0x00000000d7a00000)
  from space 5120K, 99% used [0x00000000d7a00000,0x00000000d7efc010,0x00000000d7f00000)
  to   space 5120K, 0% used [0x00000000d7f00000,0x00000000d7f00000,0x00000000d8400000)
 ParOldGen       total 87552K, used 2931K [0x0000000080c00000, 0x0000000086180000, 0x00000000d5980000)
  object space 87552K, 3% used [0x0000000080c00000,0x0000000080edcda0,0x0000000086180000)
 Metaspace       used 17854K, capacity 18268K, committed 18560K, reserved 1064960K
  class space    used 2220K, capacity 2336K, committed 2432K, reserved 1048576K
Event: 2.458 GC heap after
Heap after GC invocations=4 (full 0):
 PSYoungGen      total 38400K, used 5088K [0x00000000d5980000, 0x00000000da480000, 0x0000000100000000)
  eden space 33280K, 0% used [0x00000000d5980000,0x00000000d5980000,0x00000000d7a00000)
  from space 5120K, 99% used [0x00000000d7f00000,0x00000000d83f8020,0x00000000d8400000)
  to   space 5120K, 0% used [0x00000000d7a00000,0x00000000d7a00000,0x00000000d7f00000)
 ParOldGen       total 87552K, used 8440K [0x0000000080c00000, 0x0000000086180000, 0x00000000d5980000)
  object space 87552K, 9% used [0x0000000080c00000,0x000000008143e160,0x0000000086180000)
 Metaspace       used 17854K, capacity 18268K, committed 18560K, reserved 1064960K
  class space    used 2220K, capacity 2336K, committed 2432K, reserved 1048576K
}

Deoptimization events (10 events):
Event: 2.326 Thread 0x000000000234e800 Uncommon trap: reason=bimorphic action=maybe_recompile pc=0x0000000002d103e4 method=java.util.HashMap.putVal(ILjava/lang/Object;Ljava/lang/Object;ZZ)Ljava/lang/Object; @ 203
Event: 2.429 Thread 0x000000000234e800 Uncommon trap: reason=unstable_if action=reinterpret pc=0x0000000002ed75f0 method=java.lang.StringCoding.safeTrim([CILjava/nio/charset/Charset;Z)[C @ 3
Event: 2.708 Thread 0x000000000234e800 Uncommon trap: reason=unstable_if action=reinterpret pc=0x0000000002fd3fec method=org.codehaus.plexus.classworlds.realm.Entry.matches(Ljava/lang/String;)Z @ 131
Event: 2.715 Thread 0x000000000234e800 Uncommon trap: reason=unstable_if action=reinterpret pc=0x0000000002f7bde4 method=org.apache.maven.model.ConfigurationContainer.clone()Lorg/apache/maven/model/ConfigurationContainer; @ 37
Event: 2.719 Thread 0x000000000234e800 Uncommon trap: reason=unstable_if action=reinterpret pc=0x0000000002ed8cec method=java.lang.StringCoding.safeTrim([CILjava/nio/charset/Charset;Z)[C @ 3
Event: 2.729 Thread 0x000000000234e800 Uncommon trap: reason=unstable_if action=reinterpret pc=0x0000000002ed094c method=java.lang.StringCoding.safeTrim([CILjava/nio/charset/Charset;Z)[C @ 3
Event: 2.782 Thread 0x000000000234e800 Uncommon trap: reason=class_check action=maybe_recompile pc=0x0000000002e4aec0 method=java.util.AbstractList$Itr.hasNext()Z @ 8
Event: 2.782 Thread 0x000000000234e800 Uncommon trap: reason=class_check action=maybe_recompile pc=0x0000000002e4a9f4 method=java.util.AbstractList$Itr.next()Ljava/lang/Object; @ 14
Event: 2.857 Thread 0x000000000234e800 Uncommon trap: reason=unstable_if action=reinterpret pc=0x00000000029af60c method=sun.nio.cs.UTF_8$Encoder.encode([CII[B)I @ 33
Event: 2.883 Thread 0x000000000234e800 Uncommon trap: reason=unstable_if action=reinterpret pc=0x0000000002cbb8e0 method=java.lang.String.trim()Ljava/lang/String; @ 63

Internal exceptions (10 events):
Event: 0.705 Thread 0x000000000234e800 Exception <a 'java/lang/NoClassDefFoundError'> (0x00000000d5e408e0) thrown at [D:\re\workspace\8-2-build-windows-amd64-cygwin\jdk8u92\6642\hotspot\src\share\vm\oops\instanceKlass.cpp, line 948]
Event: 1.159 Thread 0x000000000234e800 Implicit null exception at 0x0000000002bdf785 to 0x0000000002bdf959
Event: 1.159 Thread 0x000000000234e800 Implicit null exception at 0x0000000002b02b2f to 0x0000000002b02b95
Event: 1.300 Thread 0x000000000234e800 Implicit null exception at 0x0000000002cc9b0e to 0x0000000002ccada5
Event: 1.460 Thread 0x000000000234e800 Implicit null exception at 0x0000000002b8c0eb to 0x0000000002b8c7ed
Event: 1.655 Thread 0x000000000234e800 Exception <a 'java/lang/NoClassDefFoundError': org/slf4j/Logger> (0x00000000d6ed9da8) thrown at [D:\re\workspace\8-2-build-windows-amd64-cygwin\jdk8u92\6642\hotspot\src\share\vm\oops\constantPool.cpp, line 235]
Event: 1.745 Thread 0x000000000234e800 Exception <a 'java/lang/NoClassDefFoundError': org/slf4j/Logger> (0x00000000d7653f00) thrown at [D:\re\workspace\8-2-build-windows-amd64-cygwin\jdk8u92\6642\hotspot\src\share\vm\oops\constantPool.cpp, line 235]
Event: 2.069 Thread 0x000000000234e800 Exception <a 'java/io/FileNotFoundException'> (0x00000000d65e7758) thrown at [D:\re\workspace\8-2-build-windows-amd64-cygwin\jdk8u92\6642\hotspot\src\share\vm\prims\jni.cpp, line 709]
Event: 2.072 Thread 0x000000000234e800 Exception <a 'java/io/FileNotFoundException'> (0x00000000d661b2e0) thrown at [D:\re\workspace\8-2-build-windows-amd64-cygwin\jdk8u92\6642\hotspot\src\share\vm\prims\jni.cpp, line 709]
Event: 2.679 Thread 0x000000000234e800 Exception <a 'java/lang/NoClassDefFoundError': org/slf4j/Logger> (0x00000000d5a82800) thrown at [D:\re\workspace\8-2-build-windows-amd64-cygwin\jdk8u92\6642\hotspot\src\share\vm\oops\constantPool.cpp, line 235]

Events (10 events):
Event: 2.903 loading class org/codehaus/plexus/util/cli/AbstractStreamHandler
Event: 2.903 loading class org/codehaus/plexus/util/cli/AbstractStreamHandler done
Event: 2.903 Thread 0x000000005b129000 Thread added: 0x000000005b129000
Event: 2.903 Thread 0x000000005b123800 Thread added: 0x000000005b123800
Event: 2.903 loading class org/codehaus/plexus/util/cli/ShutdownHookUtils
Event: 2.903 loading class org/codehaus/plexus/util/cli/ShutdownHookUtils done
Event: 2.903 loading class org/codehaus/plexus/util/cli/ShutdownHookUtils
Event: 2.904 loading class org/codehaus/plexus/util/cli/ShutdownHookUtils done
Event: 2.904 loading class java/security/AccessControlException
Event: 2.904 loading class java/security/AccessControlException done


Dynamic libraries:
0x000000013fe60000 - 0x000000013fe97000 	C:\Program Files\Java\jdk1.8.0_92\bin\java.exe
0x0000000077b00000 - 0x0000000077caa000 	C:\WINDOWS\SYSTEM32\ntdll.dll
0x00000000779e0000 - 0x0000000077aff000 	C:\WINDOWS\system32\kernel32.dll
0x000007fefda20000 - 0x000007fefda8a000 	C:\WINDOWS\system32\KERNELBASE.dll
0x000007feffbb0000 - 0x000007feffc8b000 	C:\WINDOWS\system32\ADVAPI32.dll
0x000007fefdc70000 - 0x000007fefdd0f000 	C:\WINDOWS\system32\msvcrt.dll
0x000007feff4e0000 - 0x000007feff4ff000 	C:\WINDOWS\SYSTEM32\sechost.dll
0x000007fefe190000 - 0x000007fefe2bd000 	C:\WINDOWS\system32\RPCRT4.dll
0x00000000778e0000 - 0x00000000779da000 	C:\WINDOWS\system32\USER32.dll
0x000007feff6e0000 - 0x000007feff747000 	C:\WINDOWS\system32\GDI32.dll
0x000007fefdc40000 - 0x000007fefdc4e000 	C:\WINDOWS\system32\LPK.dll
0x000007fefe0c0000 - 0x000007fefe18a000 	C:\WINDOWS\system32\USP10.dll
0x000007fefc130000 - 0x000007fefc324000 	C:\WINDOWS\WinSxS\amd64_microsoft.windows.common-controls_6595b64144ccf1df_6.0.7601.18837_none_fa3b1e3d17594757\COMCTL32.dll
0x000007fefde30000 - 0x000007fefdea1000 	C:\WINDOWS\system32\SHLWAPI.dll
0x000007feff3a0000 - 0x000007feff3ce000 	C:\WINDOWS\system32\IMM32.DLL
0x000007feff3d0000 - 0x000007feff4d9000 	C:\WINDOWS\system32\MSCTF.dll
0x000000005e540000 - 0x000000005e612000 	C:\Program Files\Java\jdk1.8.0_92\jre\bin\msvcr100.dll
0x000000005f330000 - 0x000000005fbc6000 	C:\Program Files\Java\jdk1.8.0_92\jre\bin\server\jvm.dll
0x000007feeca60000 - 0x000007feeca69000 	C:\WINDOWS\system32\WSOCK32.dll
0x000007fefe2c0000 - 0x000007fefe30d000 	C:\WINDOWS\system32\WS2_32.dll
0x000007feff100000 - 0x000007feff108000 	C:\WINDOWS\system32\NSI.dll
0x000007fef8fe0000 - 0x000007fef901b000 	C:\WINDOWS\system32\WINMM.dll
0x000007fefc8a0000 - 0x000007fefc8ac000 	C:\WINDOWS\system32\VERSION.dll
0x0000000077cd0000 - 0x0000000077cd7000 	C:\WINDOWS\system32\PSAPI.DLL
0x0000000073460000 - 0x000000007346f000 	C:\Program Files\Java\jdk1.8.0_92\jre\bin\verify.dll
0x0000000070fb0000 - 0x0000000070fd9000 	C:\Program Files\Java\jdk1.8.0_92\jre\bin\java.dll
0x0000000070440000 - 0x0000000070456000 	C:\Program Files\Java\jdk1.8.0_92\jre\bin\zip.dll
0x000007fefe370000 - 0x000007feff0fc000 	C:\WINDOWS\system32\SHELL32.dll
0x000007fefdeb0000 - 0x000007fefe0b3000 	C:\WINDOWS\system32\ole32.dll
0x000007fefd890000 - 0x000007fefd89f000 	C:\WINDOWS\system32\profapi.dll
0x000007fefb9d0000 - 0x000007fefb9e0000 	C:\Program Files (x86)\JetBrains\IntelliJ IDEA Community Edition 2016.1.2\bin\breakgen64.dll
0x0000000061b50000 - 0x0000000061b6a000 	C:\Program Files\Java\jdk1.8.0_92\jre\bin\net.dll
0x000007fefd020000 - 0x000007fefd075000 	C:\WINDOWS\system32\mswsock.dll
0x000007fefd010000 - 0x000007fefd017000 	C:\WINDOWS\System32\wship6.dll
0x000007fefd6c0000 - 0x000007fefd717000 	C:\WINDOWS\system32\apphelp.dll
0x0000000061b30000 - 0x0000000061b41000 	C:\Program Files\Java\jdk1.8.0_92\jre\bin\nio.dll
0x000007fefd080000 - 0x000007fefd098000 	C:\WINDOWS\system32\CRYPTSP.dll
0x000007fefcd80000 - 0x000007fefcdc7000 	C:\WINDOWS\system32\rsaenh.dll
0x000007fefdab0000 - 0x000007fefdace000 	C:\WINDOWS\system32\USERENV.dll
0x000007fefd720000 - 0x000007fefd72f000 	C:\WINDOWS\system32\CRYPTBASE.dll
0x000007fefa720000 - 0x000007fefa747000 	C:\WINDOWS\system32\IPHLPAPI.DLL
0x000007fefa710000 - 0x000007fefa71b000 	C:\WINDOWS\system32\WINNSI.DLL
0x000007fef9ff0000 - 0x000007fefa001000 	C:\WINDOWS\system32\dhcpcsvc6.DLL
0x000007fefa070000 - 0x000007fefa088000 	C:\WINDOWS\system32\dhcpcsvc.DLL

VM Arguments:
jvm_args: -Dmaven.home=C:\Program Files (x86)\JetBrains\IntelliJ IDEA Community Edition 2016.1.2\plugins\maven\lib\maven3 -Dclassworlds.conf=C:\Program Files (x86)\JetBrains\IntelliJ IDEA Community Edition 2016.1.2\plugins\maven\lib\maven3\bin\m2.conf -Didea.launcher.port=7535 -Didea.launcher.bin.path=C:\Program Files (x86)\JetBrains\IntelliJ IDEA Community Edition 2016.1.2\bin -Dfile.encoding=UTF-8 
java_command: com.intellij.rt.execution.application.AppMain org.codehaus.classworlds.Launcher -Didea.version=2016.1.2 install
java_class_path (initial): C:\Program Files (x86)\JetBrains\IntelliJ IDEA Community Edition 2016.1.2\plugins\maven\lib\maven3\boot\plexus-classworlds-2.4.jar;C:\Program Files (x86)\JetBrains\IntelliJ IDEA Community Edition 2016.1.2\lib\idea_rt.jar
Launcher Type: SUN_STANDARD

Environment Variables:
PATH=C:\ProgramData\Oracle\Java\javapath;C:\Program Files\Common Files\Microsoft Shared\Windows Live;C:\Program Files (x86)\Common Files\Microsoft Shared\Windows Live;C:\WINDOWS\system32;C:\WINDOWS;C:\WINDOWS\System32\Wbem;C:\WINDOWS\System32\WindowsPowerShell\v1.0\;C:\Program Files (x86)\Windows Live\Shared;C:\Program Files (x86)\Brackets\command;C:\Program Files\nodejs\;C:\Program Files\TortoiseGit\bin;C:\Program Files\Git\cmd;C:\Program Files\TortoiseSVN\bin;C:\Program Files\Microsoft SQL Server\120\Tools\Binn\;C:\Program Files\Microsoft SQL Server\Client SDK\ODBC\110\Tools\Binn\;C:\Program Files (x86)\Microsoft SQL Server\120\Tools\Binn\;C:\Program Files\Microsoft SQL Server\120\DTS\Binn\;C:\Program Files (x86)\Microsoft SQL Server\120\Tools\Binn\ManagementStudio\;C:\Program Files (x86)\Microsoft SQL Server\120\DTS\Binn\;C:\Users\1354177\.dnx\bin;C:\Program Files\Microsoft DNX\Dnvm\;C:\Program Files\Microsoft SQL Server\130\Tools\Binn\;C:\Users\Administrateur\AppData\Roaming\npm
USERNAME=1354177
OS=Windows_NT
PROCESSOR_IDENTIFIER=Intel64 Family 6 Model 45 Stepping 7, GenuineIntel



---------------  S Y S T E M  ---------------

OS: Windows 7 , 64 bit Build 7601 (6.1.7601.23418)

CPU:total 4 (4 cores per cpu, 1 threads per core) family 6 model 45 stepping 7, cmov, cx8, fxsr, mmx, sse, sse2, sse3, ssse3, sse4.1, sse4.2, popcnt, avx, aes, clmul, tsc, tscinvbit, tscinv

Memory: 4k page, physical 8338636k(452680k free), swap 10433928k(5308k free)

vm_info: Java HotSpot(TM) 64-Bit Server VM (25.92-b14) for windows-amd64 JRE (1.8.0_92-b14), built on Mar 31 2016 21:03:04 by "java_re" with MS VC++ 10.0 (VS2010)

time: Thu Oct 27 14:59:12 2016
elapsed time: 2 seconds (0d 0h 0m 2s)

