#
# There is insufficient memory for the Java Runtime Environment to continue.
# Native memory allocation (malloc) failed to allocate 1048576 bytes for AllocateHeap
# Possible reasons:
#   The system is out of physical RAM or swap space
#   In 32 bit mode, the process size limit was hit
# Possible solutions:
#   Reduce memory load on the system
#   Increase physical memory or swap space
#   Check if swap backing store is full
#   Use 64 bit Java on a 64 bit OS
#   Decrease Java heap size (-Xmx/-Xms)
#   Decrease number of Java threads
#   Decrease Java thread stack sizes (-Xss)
#   Set larger code cache with -XX:ReservedCodeCacheSize=
# This output file may be truncated or incomplete.
#
#  Out of Memory Error (memory/allocation.inline.hpp:61), pid=7696, tid=0x0000000000001f08
#
# JRE version:  (8.0_92-b14) (build )
# Java VM: Java HotSpot(TM) 64-Bit Server VM (25.92-b14 mixed mode windows-amd64 compressed oops)
# Failed to write core dump. Minidumps are not enabled by default on client versions of Windows
#

---------------  T H R E A D  ---------------

Current thread (0x000000000219e800):  JavaThread "Unknown thread" [_thread_in_vm, id=7944, stack(0x0000000002600000,0x0000000002700000)]

Stack: [0x0000000002600000,0x0000000002700000]
[error occurred during error reporting (printing stack bounds), id 0xc0000005]

Native frames: (J=compiled Java code, j=interpreted, Vv=VM code, C=native code)


---------------  P R O C E S S  ---------------

Java Threads: ( => current thread )

Other Threads:

=>0x000000000219e800 (exited) JavaThread "Unknown thread" [_thread_in_vm, id=7944, stack(0x0000000002600000,0x0000000002700000)]

VM state:not at safepoint (normal execution)

VM Mutex/Monitor currently owned by a thread: None

Heap:
 PSYoungGen      total 38400K, used 665K [0x00000000d5980000, 0x00000000d8400000, 0x0000000100000000)
  eden space 33280K, 2% used [0x00000000d5980000,0x00000000d5a26670,0x00000000d7a00000)
  from space 5120K, 0% used [0x00000000d7f00000,0x00000000d7f00000,0x00000000d8400000)
  to   space 5120K, 0% used [0x00000000d7a00000,0x00000000d7a00000,0x00000000d7f00000)
 ParOldGen       total 87552K, used 0K [0x0000000080c00000, 0x0000000086180000, 0x00000000d5980000)
  object space 87552K, 0% used [0x0000000080c00000,0x0000000080c00000,0x0000000086180000)
 Metaspace       used 769K, capacity 4480K, committed 4480K, reserved 1056768K
  class space    used 75K, capacity 384K, committed 384K, reserved 1048576K

Card table byte_map: [0x0000000011d90000,0x0000000012190000] byte_map_base: 0x000000001198a000

Marking Bits: (ParMarkBitMap*) 0x000000005fb464f0
 Begin Bits: [0x00000000126f0000, 0x00000000146c0000)
 End Bits:   [0x00000000146c0000, 0x0000000016690000)

Polling page: 0x0000000000330000

CodeCache: size=245760Kb used=328Kb max_used=328Kb free=245431Kb
 bounds [0x00000000029d0000, 0x0000000002c40000, 0x00000000119d0000]
 total_blobs=58 nmethods=0 adapters=38
 compilation: enabled

Compilation events (0 events):
No events

GC Heap History (0 events):
No events

Deoptimization events (0 events):
No events

Internal exceptions (0 events):
No events

Events (10 events):
Event: 0.020 loading class java/lang/Short
Event: 0.020 loading class java/lang/Short done
Event: 0.020 loading class java/lang/Integer
Event: 0.020 loading class java/lang/Integer done
Event: 0.020 loading class java/lang/Long
Event: 0.020 loading class java/lang/Long done
Event: 0.021 loading class java/lang/NullPointerException
Event: 0.021 loading class java/lang/NullPointerException done
Event: 0.021 loading class java/lang/ArithmeticException
Event: 0.021 loading class java/lang/ArithmeticException done


Dynamic libraries:
0x000000013fa10000 - 0x000000013fa47000 	C:\Program Files\Java\jdk1.8.0_92\jre\bin\java.exe
0x0000000077b00000 - 0x0000000077caa000 	C:\WINDOWS\SYSTEM32\ntdll.dll
0x00000000779e0000 - 0x0000000077aff000 	C:\WINDOWS\system32\kernel32.dll
0x000007fefda20000 - 0x000007fefda8a000 	C:\WINDOWS\system32\KERNELBASE.dll
0x000007feffbb0000 - 0x000007feffc8b000 	C:\WINDOWS\system32\ADVAPI32.dll
0x000007fefdc70000 - 0x000007fefdd0f000 	C:\WINDOWS\system32\msvcrt.dll
0x000007feff4e0000 - 0x000007feff4ff000 	C:\WINDOWS\SYSTEM32\sechost.dll
0x000007fefe190000 - 0x000007fefe2bd000 	C:\WINDOWS\system32\RPCRT4.dll
0x00000000778e0000 - 0x00000000779da000 	C:\WINDOWS\system32\USER32.dll
0x000007feff6e0000 - 0x000007feff747000 	C:\WINDOWS\system32\GDI32.dll
0x000007fefdc40000 - 0x000007fefdc4e000 	C:\WINDOWS\system32\LPK.dll
0x000007fefe0c0000 - 0x000007fefe18a000 	C:\WINDOWS\system32\USP10.dll
0x000007fefc130000 - 0x000007fefc324000 	C:\WINDOWS\WinSxS\amd64_microsoft.windows.common-controls_6595b64144ccf1df_6.0.7601.18837_none_fa3b1e3d17594757\COMCTL32.dll
0x000007fefde30000 - 0x000007fefdea1000 	C:\WINDOWS\system32\SHLWAPI.dll
0x000007feff3a0000 - 0x000007feff3ce000 	C:\WINDOWS\system32\IMM32.DLL
0x000007feff3d0000 - 0x000007feff4d9000 	C:\WINDOWS\system32\MSCTF.dll
0x000000005e540000 - 0x000000005e612000 	C:\Program Files\Java\jdk1.8.0_92\jre\bin\msvcr100.dll
0x000000005f330000 - 0x000000005fbc6000 	C:\Program Files\Java\jdk1.8.0_92\jre\bin\server\jvm.dll
0x000007feeca60000 - 0x000007feeca69000 	C:\WINDOWS\system32\WSOCK32.dll
0x000007fefe2c0000 - 0x000007fefe30d000 	C:\WINDOWS\system32\WS2_32.dll
0x000007feff100000 - 0x000007feff108000 	C:\WINDOWS\system32\NSI.dll
0x000007fef8fe0000 - 0x000007fef901b000 	C:\WINDOWS\system32\WINMM.dll
0x000007fefc8a0000 - 0x000007fefc8ac000 	C:\WINDOWS\system32\VERSION.dll
0x0000000077cd0000 - 0x0000000077cd7000 	C:\WINDOWS\system32\PSAPI.DLL
0x0000000073460000 - 0x000000007346f000 	C:\Program Files\Java\jdk1.8.0_92\jre\bin\verify.dll
0x0000000070fb0000 - 0x0000000070fd9000 	C:\Program Files\Java\jdk1.8.0_92\jre\bin\java.dll
0x0000000070440000 - 0x0000000070456000 	C:\Program Files\Java\jdk1.8.0_92\jre\bin\zip.dll

VM Arguments:
java_command: C:\Espace Labo\projetpetshop\projetpetshop-commons\target\surefire\surefirebooter3247276100431416155.jar C:\Espace Labo\projetpetshop\projetpetshop-commons\target\surefire\surefire4751045879523272788tmp C:\Espace Labo\projetpetshop\projetpetshop-commons\target\surefire\surefire5069592857180275381tmp
java_class_path (initial): C:\Espace Labo\projetpetshop\projetpetshop-commons\target\surefire\surefirebooter3247276100431416155.jar
Launcher Type: SUN_STANDARD

Environment Variables:
PATH=C:\ProgramData\Oracle\Java\javapath;C:\Program Files\Common Files\Microsoft Shared\Windows Live;C:\Program Files (x86)\Common Files\Microsoft Shared\Windows Live;C:\WINDOWS\system32;C:\WINDOWS;C:\WINDOWS\System32\Wbem;C:\WINDOWS\System32\WindowsPowerShell\v1.0\;C:\Program Files (x86)\Windows Live\Shared;C:\Program Files (x86)\Brackets\command;C:\Program Files\nodejs\;C:\Program Files\TortoiseGit\bin;C:\Program Files\Git\cmd;C:\Program Files\TortoiseSVN\bin;C:\Program Files\Microsoft SQL Server\120\Tools\Binn\;C:\Program Files\Microsoft SQL Server\Client SDK\ODBC\110\Tools\Binn\;C:\Program Files (x86)\Microsoft SQL Server\120\Tools\Binn\;C:\Program Files\Microsoft SQL Server\120\DTS\Binn\;C:\Program Files (x86)\Microsoft SQL Server\120\Tools\Binn\ManagementStudio\;C:\Program Files (x86)\Microsoft SQL Server\120\DTS\Binn\;C:\Users\1354177\.dnx\bin;C:\Program Files\Microsoft DNX\Dnvm\;C:\Program Files\Microsoft SQL Server\130\Tools\Binn\;C:\Users\Administrateur\AppData\Roaming\npm
USERNAME=1354177
OS=Windows_NT
PROCESSOR_IDENTIFIER=Intel64 Family 6 Model 45 Stepping 7, GenuineIntel



---------------  S Y S T E M  ---------------

OS: Windows 7 , 64 bit Build 7601 (6.1.7601.23418)

CPU:total 4 (4 cores per cpu, 1 threads per core) family 6 model 45 stepping 7, cmov, cx8, fxsr, mmx, sse, sse2, sse3, ssse3, sse4.1, sse4.2, popcnt, avx, aes, clmul, tsc, tscinvbit, tscinv

Memory: 4k page, physical 8338636k(452876k free), swap 10433928k(5396k free)

vm_info: Java HotSpot(TM) 64-Bit Server VM (25.92-b14) for windows-amd64 JRE (1.8.0_92-b14), built on Mar 31 2016 21:03:04 by "java_re" with MS VC++ 10.0 (VS2010)

time: Thu Oct 27 14:59:12 2016
elapsed time: 0 seconds (0d 0h 0m 0s)

